<?xml version="1.0" encoding="UTF-8"?>
<testsuite xmlns:xsi="http://www.w3.org/2001/XMLSchema-instance" xsi:noNamespaceSchemaLocation="https://maven.apache.org/surefire/maven-surefire-plugin/xsd/surefire-test-report.xsd" name="org.marketing.newsletter.controller.SubscriptionControllerTest" time="12.987" tests="3" errors="0" skipped="0" failures="2">
  <properties>
[...]
</properties>
  <testcase name="testSubscriptionFormTakesCorrectlySubmittedData" classname="org.marketing.newsletter.controller.SubscriptionControllerTest" time="2.166">
    <failure message="Range for response status value 200 expected:&lt;REDIRECTION&gt; but was:&lt;SUCCESSFUL&gt;" type="java.lang.AssertionError"><![CDATA[java.lang.AssertionError: Range for response status value 200 expected:<REDIRECTION> but was:<SUCCESSFUL>
	at org.marketing.newsletter.controller.SubscriptionControllerTest.then_theUserIsRedirectedToTheConfirmationPage(SubscriptionControllerTest.java:90)
	at org.marketing.newsletter.controller.SubscriptionControllerTest.testSubscriptionFormTakesCorrectlySubmittedData(SubscriptionControllerTest.java:98)
]]></failure>
    <system-out><![CDATA[21:37:56.997 [main] DEBUG org.springframework.test.context.junit4.SpringJUnit4ClassRunner - SpringJUnit4ClassRunner constructor called with [class org.marketing.newsletter.controller.SubscriptionControllerTest]
21:37:57.011 [main] DEBUG org.springframework.test.context.BootstrapUtils - Instantiating CacheAwareContextLoaderDelegate from class [org.springframework.test.context.cache.DefaultCacheAwareContextLoaderDelegate]
21:37:57.026 [main] DEBUG org.springframework.test.context.BootstrapUtils - Instantiating BootstrapContext using constructor [public org.springframework.test.context.support.DefaultBootstrapContext(java.lang.Class,org.springframework.test.context.CacheAwareContextLoaderDelegate)]
21:37:57.064 [main] DEBUG org.springframework.test.context.BootstrapUtils - Instantiating TestContextBootstrapper for test class [org.marketing.newsletter.controller.SubscriptionControllerTest] from class [org.springframework.boot.test.autoconfigure.web.servlet.WebMvcTestContextBootstrapper]
21:37:57.108 [main] INFO org.springframework.boot.test.autoconfigure.web.servlet.WebMvcTestContextBootstrapper - Neither @ContextConfiguration nor @ContextHierarchy found for test class [org.marketing.newsletter.controller.SubscriptionControllerTest], using SpringBootContextLoader
21:37:57.114 [main] DEBUG org.springframework.test.context.support.AbstractContextLoader - Did not detect default resource location for test class [org.marketing.newsletter.controller.SubscriptionControllerTest]: class path resource [org/marketing/newsletter/controller/SubscriptionControllerTest-context.xml] does not exist
21:37:57.115 [main] DEBUG org.springframework.test.context.support.AbstractContextLoader - Did not detect default resource location for test class [org.marketing.newsletter.controller.SubscriptionControllerTest]: class path resource [org/marketing/newsletter/controller/SubscriptionControllerTestContext.groovy] does not exist
21:37:57.116 [main] INFO org.springframework.test.context.support.AbstractContextLoader - Could not detect default resource locations for test class [org.marketing.newsletter.controller.SubscriptionControllerTest]: no resource found for suffixes {-context.xml, Context.groovy}.
21:37:57.117 [main] INFO org.springframework.test.context.support.AnnotationConfigContextLoaderUtils - Could not detect default configuration classes for test class [org.marketing.newsletter.controller.SubscriptionControllerTest]: SubscriptionControllerTest does not declare any static, non-private, non-final, nested classes annotated with @Configuration.
21:37:57.255 [main] DEBUG org.springframework.test.context.support.ActiveProfilesUtils - Could not find an 'annotation declaring class' for annotation type [org.springframework.test.context.ActiveProfiles] and class [org.marketing.newsletter.controller.SubscriptionControllerTest]
21:37:57.267 [main] DEBUG org.springframework.core.env.StandardEnvironment - Adding PropertySource 'systemProperties' with lowest search precedence
21:37:57.269 [main] DEBUG org.springframework.core.env.StandardEnvironment - Adding PropertySource 'systemEnvironment' with lowest search precedence
21:37:57.270 [main] DEBUG org.springframework.core.env.StandardEnvironment - Initialized StandardEnvironment with PropertySources [MapPropertySource@306123060 {name='systemProperties', properties={java.runtime.name=Java(TM) SE Runtime Environment, sun.boot.library.path=C:\apps\jdk1.8.0_171\jre\bin, java.vm.version=25.171-b11, java.vm.vendor=Oracle Corporation, java.vendor.url=http://java.oracle.com/, path.separator=;, java.vm.name=Java HotSpot(TM) 64-Bit Server VM, file.encoding.pkg=sun.io, user.country=HU, user.script=, sun.java.launcher=SUN_STANDARD, sun.os.patch.level=, java.vm.specification.name=Java Virtual Machine Specification, user.dir=C:\apps\sts-workspace\newsletter, java.runtime.version=1.8.0_171-b11, basedir=C:\apps\sts-workspace\newsletter, java.awt.graphicsenv=sun.awt.Win32GraphicsEnvironment, java.endorsed.dirs=C:\apps\jdk1.8.0_171\jre\lib\endorsed, os.arch=amd64, surefire.real.class.path=C:\Users\SZENTI~1\AppData\Local\Temp\surefire6287553833371882555\surefirebooter127658704710453763.jar, java.io.tmpdir=C:\Users\SZENTI~1\AppData\Local\Temp\, line.separator=
, java.vm.specification.vendor=Oracle Corporation, user.variant=, os.name=Windows 10, sun.jnu.encoding=Cp1250, java.library.path=C:\apps\jdk1.8.0_171\jre\bin;C:\WINDOWS\Sun\Java\bin;C:\WINDOWS\system32;C:\WINDOWS;C:\Program Files (x86)\Common Files\Oracle\Java\javapath;C:\WINDOWS\system32;C:\WINDOWS;C:\WINDOWS\System32\Wbem;C:\WINDOWS\System32\WindowsPowerShell\v1.0\;C:\Program Files\Microsoft SQL Server\130\Tools\Binn\;C:\Program Files\dotnet\;C:\WINDOWS\System32\OpenSSH\;C:\apps\jdk1.8.0_171\bin;c:\apps\apache-maven-3.5.4\bin;C:\Users\Szenti Bernadett\AppData\Local\Microsoft\WindowsApps;;., surefire.test.class.path=C:\apps\sts-workspace\newsletter\target\test-classes;C:\apps\sts-workspace\newsletter\target\classes;C:\Users\Szenti Bernadett\.m2\repository\org\hibernate\validator\hibernate-validator\6.0.10.Final\hibernate-validator-6.0.10.Final.jar;C:\Users\Szenti Bernadett\.m2\repository\javax\validation\validation-api\2.0.1.Final\validation-api-2.0.1.Final.jar;C:\Users\Szenti Bernadett\.m2\repository\org\jboss\logging\jboss-logging\3.3.2.Final\jboss-logging-3.3.2.Final.jar;C:\Users\Szenti Bernadett\.m2\repository\com\fasterxml\classmate\1.3.4\classmate-1.3.4.jar;C:\Users\Szenti Bernadett\.m2\repository\org\springframework\boot\spring-boot-starter\2.0.3.RELEASE\spring-boot-starter-2.0.3.RELEASE.jar;C:\Users\Szenti Bernadett\.m2\repository\org\springframework\boot\spring-boot\2.0.3.RELEASE\spring-boot-2.0.3.RELEASE.jar;C:\Users\Szenti Bernadett\.m2\repository\org\springframework\spring-context\5.0.7.RELEASE\spring-context-5.0.7.RELEASE.jar;C:\Users\Szenti Bernadett\.m2\repository\org\springframework\boot\spring-boot-autoconfigure\2.0.3.RELEASE\spring-boot-autoconfigure-2.0.3.RELEASE.jar;C:\Users\Szenti Bernadett\.m2\repository\org\springframework\boot\spring-boot-starter-logging\2.0.3.RELEASE\spring-boot-starter-logging-2.0.3.RELEASE.jar;C:\Users\Szenti Bernadett\.m2\repository\ch\qos\logback\logback-classic\1.2.3\logback-classic-1.2.3.jar;C:\Users\Szenti Bernadett\.m2\repository\ch\qos\logback\logback-core\1.2.3\logback-core-1.2.3.jar;C:\Users\Szenti Bernadett\.m2\repository\org\apache\logging\log4j\log4j-to-slf4j\2.10.0\log4j-to-slf4j-2.10.0.jar;C:\Users\Szenti Bernadett\.m2\repository\org\apache\logging\log4j\log4j-api\2.10.0\log4j-api-2.10.0.jar;C:\Users\Szenti Bernadett\.m2\repository\org\slf4j\jul-to-slf4j\1.7.25\jul-to-slf4j-1.7.25.jar;C:\Users\Szenti Bernadett\.m2\repository\javax\annotation\javax.annotation-api\1.3.2\javax.annotation-api-1.3.2.jar;C:\Users\Szenti Bernadett\.m2\repository\org\springframework\spring-core\5.0.7.RELEASE\spring-core-5.0.7.RELEASE.jar;C:\Users\Szenti Bernadett\.m2\repository\org\springframework\spring-jcl\5.0.7.RELEASE\spring-jcl-5.0.7.RELEASE.jar;C:\Users\Szenti Bernadett\.m2\repository\org\yaml\snakeyaml\1.19\snakeyaml-1.19.jar;C:\Users\Szenti Bernadett\.m2\repository\org\springframework\boot\spring-boot-starter-test\2.0.3.RELEASE\spring-boot-starter-test-2.0.3.RELEASE.jar;C:\Users\Szenti Bernadett\.m2\repository\org\springframework\boot\spring-boot-test\2.0.3.RELEASE\spring-boot-test-2.0.3.RELEASE.jar;C:\Users\Szenti Bernadett\.m2\repository\org\springframework\boot\spring-boot-test-autoconfigure\2.0.3.RELEASE\spring-boot-test-autoconfigure-2.0.3.RELEASE.jar;C:\Users\Szenti Bernadett\.m2\repository\com\jayway\jsonpath\json-path\2.4.0\json-path-2.4.0.jar;C:\Users\Szenti Bernadett\.m2\repository\net\minidev\json-smart\2.3\json-smart-2.3.jar;C:\Users\Szenti Bernadett\.m2\repository\net\minidev\accessors-smart\1.2\accessors-smart-1.2.jar;C:\Users\Szenti Bernadett\.m2\repository\org\ow2\asm\asm\5.0.4\asm-5.0.4.jar;C:\Users\Szenti Bernadett\.m2\repository\org\slf4j\slf4j-api\1.7.25\slf4j-api-1.7.25.jar;C:\Users\Szenti Bernadett\.m2\repository\junit\junit\4.12\junit-4.12.jar;C:\Users\Szenti Bernadett\.m2\repository\org\assertj\assertj-core\3.9.1\assertj-core-3.9.1.jar;C:\Users\Szenti Bernadett\.m2\repository\org\mockito\mockito-core\2.15.0\mockito-core-2.15.0.jar;C:\Users\Szenti Bernadett\.m2\repository\net\bytebuddy\byte-buddy\1.7.11\byte-buddy-1.7.11.jar;C:\Users\Szenti Bernadett\.m2\repository\net\bytebuddy\byte-buddy-agent\1.7.11\byte-buddy-agent-1.7.11.jar;C:\Users\Szenti Bernadett\.m2\repository\org\objenesis\objenesis\2.6\objenesis-2.6.jar;C:\Users\Szenti Bernadett\.m2\repository\org\hamcrest\hamcrest-core\1.3\hamcrest-core-1.3.jar;C:\Users\Szenti Bernadett\.m2\repository\org\hamcrest\hamcrest-library\1.3\hamcrest-library-1.3.jar;C:\Users\Szenti Bernadett\.m2\repository\org\skyscreamer\jsonassert\1.5.0\jsonassert-1.5.0.jar;C:\Users\Szenti Bernadett\.m2\repository\com\vaadin\external\google\android-json\0.0.20131108.vaadin1\android-json-0.0.20131108.vaadin1.jar;C:\Users\Szenti Bernadett\.m2\repository\org\springframework\spring-test\5.0.7.RELEASE\spring-test-5.0.7.RELEASE.jar;C:\Users\Szenti Bernadett\.m2\repository\org\xmlunit\xmlunit-core\2.5.1\xmlunit-core-2.5.1.jar;C:\Users\Szenti Bernadett\.m2\repository\org\springframework\boot\spring-boot-starter-web\2.0.3.RELEASE\spring-boot-starter-web-2.0.3.RELEASE.jar;C:\Users\Szenti Bernadett\.m2\repository\org\springframework\boot\spring-boot-starter-json\2.0.3.RELEASE\spring-boot-starter-json-2.0.3.RELEASE.jar;C:\Users\Szenti Bernadett\.m2\repository\com\fasterxml\jackson\core\jackson-databind\2.9.6\jackson-databind-2.9.6.jar;C:\Users\Szenti Bernadett\.m2\repository\com\fasterxml\jackson\core\jackson-annotations\2.9.0\jackson-annotations-2.9.0.jar;C:\Users\Szenti Bernadett\.m2\repository\com\fasterxml\jackson\core\jackson-core\2.9.6\jackson-core-2.9.6.jar;C:\Users\Szenti Bernadett\.m2\repository\com\fasterxml\jackson\datatype\jackson-datatype-jdk8\2.9.6\jackson-datatype-jdk8-2.9.6.jar;C:\Users\Szenti Bernadett\.m2\repository\com\fasterxml\jackson\datatype\jackson-datatype-jsr310\2.9.6\jackson-datatype-jsr310-2.9.6.jar;C:\Users\Szenti Bernadett\.m2\repository\com\fasterxml\jackson\module\jackson-module-parameter-names\2.9.6\jackson-module-parameter-names-2.9.6.jar;C:\Users\Szenti Bernadett\.m2\repository\org\springframework\boot\spring-boot-starter-tomcat\2.0.3.RELEASE\spring-boot-starter-tomcat-2.0.3.RELEASE.jar;C:\Users\Szenti Bernadett\.m2\repository\org\apache\tomcat\embed\tomcat-embed-core\8.5.31\tomcat-embed-core-8.5.31.jar;C:\Users\Szenti Bernadett\.m2\repository\org\apache\tomcat\embed\tomcat-embed-el\8.5.31\tomcat-embed-el-8.5.31.jar;C:\Users\Szenti Bernadett\.m2\repository\org\apache\tomcat\embed\tomcat-embed-websocket\8.5.31\tomcat-embed-websocket-8.5.31.jar;C:\Users\Szenti Bernadett\.m2\repository\org\springframework\spring-web\5.0.7.RELEASE\spring-web-5.0.7.RELEASE.jar;C:\Users\Szenti Bernadett\.m2\repository\org\springframework\spring-beans\5.0.7.RELEASE\spring-beans-5.0.7.RELEASE.jar;C:\Users\Szenti Bernadett\.m2\repository\org\springframework\spring-webmvc\5.0.7.RELEASE\spring-webmvc-5.0.7.RELEASE.jar;C:\Users\Szenti Bernadett\.m2\repository\org\springframework\spring-aop\5.0.7.RELEASE\spring-aop-5.0.7.RELEASE.jar;C:\Users\Szenti Bernadett\.m2\repository\org\springframework\spring-expression\5.0.7.RELEASE\spring-expression-5.0.7.RELEASE.jar;C:\Users\Szenti Bernadett\.m2\repository\org\springframework\boot\spring-boot-starter-thymeleaf\2.0.3.RELEASE\spring-boot-starter-thymeleaf-2.0.3.RELEASE.jar;C:\Users\Szenti Bernadett\.m2\repository\org\thymeleaf\thymeleaf-spring5\3.0.9.RELEASE\thymeleaf-spring5-3.0.9.RELEASE.jar;C:\Users\Szenti Bernadett\.m2\repository\org\thymeleaf\thymeleaf\3.0.9.RELEASE\thymeleaf-3.0.9.RELEASE.jar;C:\Users\Szenti Bernadett\.m2\repository\org\attoparser\attoparser\2.0.4.RELEASE\attoparser-2.0.4.RELEASE.jar;C:\Users\Szenti Bernadett\.m2\repository\org\unbescape\unbescape\1.1.5.RELEASE\unbescape-1.1.5.RELEASE.jar;C:\Users\Szenti Bernadett\.m2\repository\org\thymeleaf\extras\thymeleaf-extras-java8time\3.0.1.RELEASE\thymeleaf-extras-java8time-3.0.1.RELEASE.jar;C:\Users\Szenti Bernadett\.m2\repository\org\springframework\boot\spring-boot-devtools\2.0.3.RELEASE\spring-boot-devtools-2.0.3.RELEASE.jar;, java.specification.name=Java Platform API Specification, java.class.version=52.0, sun.management.compiler=HotSpot 64-Bit Tiered Compilers, os.version=10.0, user.home=C:\Users\Szenti Bernadett, user.timezone=Europe/Prague, java.awt.printerjob=sun.awt.windows.WPrinterJob, file.encoding=Cp1250, java.specification.version=1.8, java.class.path=C:\apps\sts-workspace\newsletter\target\test-classes;C:\apps\sts-workspace\newsletter\target\classes;C:\Users\Szenti Bernadett\.m2\repository\org\hibernate\validator\hibernate-validator\6.0.10.Final\hibernate-validator-6.0.10.Final.jar;C:\Users\Szenti Bernadett\.m2\repository\javax\validation\validation-api\2.0.1.Final\validation-api-2.0.1.Final.jar;C:\Users\Szenti Bernadett\.m2\repository\org\jboss\logging\jboss-logging\3.3.2.Final\jboss-logging-3.3.2.Final.jar;C:\Users\Szenti Bernadett\.m2\repository\com\fasterxml\classmate\1.3.4\classmate-1.3.4.jar;C:\Users\Szenti Bernadett\.m2\repository\org\springframework\boot\spring-boot-starter\2.0.3.RELEASE\spring-boot-starter-2.0.3.RELEASE.jar;C:\Users\Szenti Bernadett\.m2\repository\org\springframework\boot\spring-boot\2.0.3.RELEASE\spring-boot-2.0.3.RELEASE.jar;C:\Users\Szenti Bernadett\.m2\repository\org\springframework\spring-context\5.0.7.RELEASE\spring-context-5.0.7.RELEASE.jar;C:\Users\Szenti Bernadett\.m2\repository\org\springframework\boot\spring-boot-autoconfigure\2.0.3.RELEASE\spring-boot-autoconfigure-2.0.3.RELEASE.jar;C:\Users\Szenti Bernadett\.m2\repository\org\springframework\boot\spring-boot-starter-logging\2.0.3.RELEASE\spring-boot-starter-logging-2.0.3.RELEASE.jar;C:\Users\Szenti Bernadett\.m2\repository\ch\qos\logback\logback-classic\1.2.3\logback-classic-1.2.3.jar;C:\Users\Szenti Bernadett\.m2\repository\ch\qos\logback\logback-core\1.2.3\logback-core-1.2.3.jar;C:\Users\Szenti Bernadett\.m2\repository\org\apache\logging\log4j\log4j-to-slf4j\2.10.0\log4j-to-slf4j-2.10.0.jar;C:\Users\Szenti Bernadett\.m2\repository\org\apache\logging\log4j\log4j-api\2.10.0\log4j-api-2.10.0.jar;C:\Users\Szenti Bernadett\.m2\repository\org\slf4j\jul-to-slf4j\1.7.25\jul-to-slf4j-1.7.25.jar;C:\Users\Szenti Bernadett\.m2\repository\javax\annotation\javax.annotation-api\1.3.2\javax.annotation-api-1.3.2.jar;C:\Users\Szenti Bernadett\.m2\repository\org\springframework\spring-core\5.0.7.RELEASE\spring-core-5.0.7.RELEASE.jar;C:\Users\Szenti Bernadett\.m2\repository\org\springframework\spring-jcl\5.0.7.RELEASE\spring-jcl-5.0.7.RELEASE.jar;C:\Users\Szenti Bernadett\.m2\repository\org\yaml\snakeyaml\1.19\snakeyaml-1.19.jar;C:\Users\Szenti Bernadett\.m2\repository\org\springframework\boot\spring-boot-starter-test\2.0.3.RELEASE\spring-boot-starter-test-2.0.3.RELEASE.jar;C:\Users\Szenti Bernadett\.m2\repository\org\springframework\boot\spring-boot-test\2.0.3.RELEASE\spring-boot-test-2.0.3.RELEASE.jar;C:\Users\Szenti Bernadett\.m2\repository\org\springframework\boot\spring-boot-test-autoconfigure\2.0.3.RELEASE\spring-boot-test-autoconfigure-2.0.3.RELEASE.jar;C:\Users\Szenti Bernadett\.m2\repository\com\jayway\jsonpath\json-path\2.4.0\json-path-2.4.0.jar;C:\Users\Szenti Bernadett\.m2\repository\net\minidev\json-smart\2.3\json-smart-2.3.jar;C:\Users\Szenti Bernadett\.m2\repository\net\minidev\accessors-smart\1.2\accessors-smart-1.2.jar;C:\Users\Szenti Bernadett\.m2\repository\org\ow2\asm\asm\5.0.4\asm-5.0.4.jar;C:\Users\Szenti Bernadett\.m2\repository\org\slf4j\slf4j-api\1.7.25\slf4j-api-1.7.25.jar;C:\Users\Szenti Bernadett\.m2\repository\junit\junit\4.12\junit-4.12.jar;C:\Users\Szenti Bernadett\.m2\repository\org\assertj\assertj-core\3.9.1\assertj-core-3.9.1.jar;C:\Users\Szenti Bernadett\.m2\repository\org\mockito\mockito-core\2.15.0\mockito-core-2.15.0.jar;C:\Users\Szenti Bernadett\.m2\repository\net\bytebuddy\byte-buddy\1.7.11\byte-buddy-1.7.11.jar;C:\Users\Szenti Bernadett\.m2\repository\net\bytebuddy\byte-buddy-agent\1.7.11\byte-buddy-agent-1.7.11.jar;C:\Users\Szenti Bernadett\.m2\repository\org\objenesis\objenesis\2.6\objenesis-2.6.jar;C:\Users\Szenti Bernadett\.m2\repository\org\hamcrest\hamcrest-core\1.3\hamcrest-core-1.3.jar;C:\Users\Szenti Bernadett\.m2\repository\org\hamcrest\hamcrest-library\1.3\hamcrest-library-1.3.jar;C:\Users\Szenti Bernadett\.m2\repository\org\skyscreamer\jsonassert\1.5.0\jsonassert-1.5.0.jar;C:\Users\Szenti Bernadett\.m2\repository\com\vaadin\external\google\android-json\0.0.20131108.vaadin1\android-json-0.0.20131108.vaadin1.jar;C:\Users\Szenti Bernadett\.m2\repository\org\springframework\spring-test\5.0.7.RELEASE\spring-test-5.0.7.RELEASE.jar;C:\Users\Szenti Bernadett\.m2\repository\org\xmlunit\xmlunit-core\2.5.1\xmlunit-core-2.5.1.jar;C:\Users\Szenti Bernadett\.m2\repository\org\springframework\boot\spring-boot-starter-web\2.0.3.RELEASE\spring-boot-starter-web-2.0.3.RELEASE.jar;C:\Users\Szenti Bernadett\.m2\repository\org\springframework\boot\spring-boot-starter-json\2.0.3.RELEASE\spring-boot-starter-json-2.0.3.RELEASE.jar;C:\Users\Szenti Bernadett\.m2\repository\com\fasterxml\jackson\core\jackson-databind\2.9.6\jackson-databind-2.9.6.jar;C:\Users\Szenti Bernadett\.m2\repository\com\fasterxml\jackson\core\jackson-annotations\2.9.0\jackson-annotations-2.9.0.jar;C:\Users\Szenti Bernadett\.m2\repository\com\fasterxml\jackson\core\jackson-core\2.9.6\jackson-core-2.9.6.jar;C:\Users\Szenti Bernadett\.m2\repository\com\fasterxml\jackson\datatype\jackson-datatype-jdk8\2.9.6\jackson-datatype-jdk8-2.9.6.jar;C:\Users\Szenti Bernadett\.m2\repository\com\fasterxml\jackson\datatype\jackson-datatype-jsr310\2.9.6\jackson-datatype-jsr310-2.9.6.jar;C:\Users\Szenti Bernadett\.m2\repository\com\fasterxml\jackson\module\jackson-module-parameter-names\2.9.6\jackson-module-parameter-names-2.9.6.jar;C:\Users\Szenti Bernadett\.m2\repository\org\springframework\boot\spring-boot-starter-tomcat\2.0.3.RELEASE\spring-boot-starter-tomcat-2.0.3.RELEASE.jar;C:\Users\Szenti Bernadett\.m2\repository\org\apache\tomcat\embed\tomcat-embed-core\8.5.31\tomcat-embed-core-8.5.31.jar;C:\Users\Szenti Bernadett\.m2\repository\org\apache\tomcat\embed\tomcat-embed-el\8.5.31\tomcat-embed-el-8.5.31.jar;C:\Users\Szenti Bernadett\.m2\repository\org\apache\tomcat\embed\tomcat-embed-websocket\8.5.31\tomcat-embed-websocket-8.5.31.jar;C:\Users\Szenti Bernadett\.m2\repository\org\springframework\spring-web\5.0.7.RELEASE\spring-web-5.0.7.RELEASE.jar;C:\Users\Szenti Bernadett\.m2\repository\org\springframework\spring-beans\5.0.7.RELEASE\spring-beans-5.0.7.RELEASE.jar;C:\Users\Szenti Bernadett\.m2\repository\org\springframework\spring-webmvc\5.0.7.RELEASE\spring-webmvc-5.0.7.RELEASE.jar;C:\Users\Szenti Bernadett\.m2\repository\org\springframework\spring-aop\5.0.7.RELEASE\spring-aop-5.0.7.RELEASE.jar;C:\Users\Szenti Bernadett\.m2\repository\org\springframework\spring-expression\5.0.7.RELEASE\spring-expression-5.0.7.RELEASE.jar;C:\Users\Szenti Bernadett\.m2\repository\org\springframework\boot\spring-boot-starter-thymeleaf\2.0.3.RELEASE\spring-boot-starter-thymeleaf-2.0.3.RELEASE.jar;C:\Users\Szenti Bernadett\.m2\repository\org\thymeleaf\thymeleaf-spring5\3.0.9.RELEASE\thymeleaf-spring5-3.0.9.RELEASE.jar;C:\Users\Szenti Bernadett\.m2\repository\org\thymeleaf\thymeleaf\3.0.9.RELEASE\thymeleaf-3.0.9.RELEASE.jar;C:\Users\Szenti Bernadett\.m2\repository\org\attoparser\attoparser\2.0.4.RELEASE\attoparser-2.0.4.RELEASE.jar;C:\Users\Szenti Bernadett\.m2\repository\org\unbescape\unbescape\1.1.5.RELEASE\unbescape-1.1.5.RELEASE.jar;C:\Users\Szenti Bernadett\.m2\repository\org\thymeleaf\extras\thymeleaf-extras-java8time\3.0.1.RELEASE\thymeleaf-extras-java8time-3.0.1.RELEASE.jar;C:\Users\Szenti Bernadett\.m2\repository\org\springframework\boot\spring-boot-devtools\2.0.3.RELEASE\spring-boot-devtools-2.0.3.RELEASE.jar;, user.name=Szenti Bernadett, java.vm.specification.version=1.8, sun.java.command=C:\Users\SZENTI~1\AppData\Local\Temp\surefire6287553833371882555\surefirebooter127658704710453763.jar C:\Users\Szenti Bernadett\AppData\Local\Temp\surefire6287553833371882555 2018-08-13T21-37-55_408-jvmRun1 surefire8123251787471288819tmp surefire_06096846596870951144tmp, java.home=C:\apps\jdk1.8.0_171\jre, sun.arch.data.model=64, user.language=hu, java.specification.vendor=Oracle Corporation, awt.toolkit=sun.awt.windows.WToolkit, java.vm.info=mixed mode, java.version=1.8.0_171, java.ext.dirs=C:\apps\jdk1.8.0_171\jre\lib\ext;C:\WINDOWS\Sun\Java\lib\ext, sun.boot.class.path=C:\apps\jdk1.8.0_171\jre\lib\resources.jar;C:\apps\jdk1.8.0_171\jre\lib\rt.jar;C:\apps\jdk1.8.0_171\jre\lib\sunrsasign.jar;C:\apps\jdk1.8.0_171\jre\lib\jsse.jar;C:\apps\jdk1.8.0_171\jre\lib\jce.jar;C:\apps\jdk1.8.0_171\jre\lib\charsets.jar;C:\apps\jdk1.8.0_171\jre\lib\jfr.jar;C:\apps\jdk1.8.0_171\jre\classes, java.vendor=Oracle Corporation, localRepository=C:\Users\Szenti Bernadett\.m2\repository, file.separator=\, java.vendor.url.bug=http://bugreport.sun.com/bugreport/, sun.io.unicode.encoding=UnicodeLittle, sun.cpu.endian=little, sun.desktop=windows, sun.cpu.isalist=amd64}}, SystemEnvironmentPropertySource@2104028992 {name='systemEnvironment', properties={PATH=C:\Program Files (x86)\Common Files\Oracle\Java\javapath;C:\WINDOWS\system32;C:\WINDOWS;C:\WINDOWS\System32\Wbem;C:\WINDOWS\System32\WindowsPowerShell\v1.0\;C:\Program Files\Microsoft SQL Server\130\Tools\Binn\;C:\Program Files\dotnet\;C:\WINDOWS\System32\OpenSSH\;C:\apps\jdk1.8.0_171\bin;c:\apps\apache-maven-3.5.4\bin;C:\Users\Szenti Bernadett\AppData\Local\Microsoft\WindowsApps;, USERDOMAIN_ROAMINGPROFILE=DESKTOP-CK7OHGM, PROCESSOR_LEVEL=6, SYSTEMDRIVE=C:, SESSIONNAME=Console, ALLUSERSPROFILE=C:\ProgramData, PROCESSOR_ARCHITECTURE=AMD64, DRIVERDATA=C:\Windows\System32\Drivers\DriverData, MAVEN_HOME=c:\apps\apache-maven-3.5.4\bin\.., PROGRAMFILES=C:\Program Files, PSMODULEPATH=C:\Program Files\WindowsPowerShell\Modules;C:\WINDOWS\system32\WindowsPowerShell\v1.0\Modules;C:\Program Files\WindowsPowerShell\Modules\;C:\Program Files (x86)\Microsoft SDKs\Azure\PowerShell\ResourceManager\AzureResourceManager\;C:\Program Files (x86)\Microsoft SDKs\Azure\PowerShell\ServiceManagement\;C:\Program Files (x86)\Microsoft SDKs\Azure\PowerShell\Storage\, PROGRAMDATA=C:\ProgramData, USERNAME=Szenti Bernadett, WDIR=C:\apps\sts-workspace\newsletter, FPS_BROWSER_USER_PROFILE_STRING=Default, ONEDRIVE=C:\Users\Szenti Bernadett\OneDrive, PATHEXT=.COM;.EXE;.BAT;.CMD;.VBS;.VBE;.JS;.JSE;.WSF;.WSH;.MSC, CLASSWORLDS_JAR="c:\apps\apache-maven-3.5.4\bin\..\boot\plexus-classworlds-2.5.2.jar", WINDIR=C:\WINDOWS, HOMEPATH=\Users\Szenti Bernadett, PROCESSOR_IDENTIFIER=Intel64 Family 6 Model 142 Stepping 9, GenuineIntel, PUBLIC=C:\Users\Public, =::=::\, LOCALAPPDATA=C:\Users\Szenti Bernadett\AppData\Local, COMMONPROGRAMFILES(X86)=C:\Program Files (x86)\Common Files, USERDOMAIN=DESKTOP-CK7OHGM, FPS_BROWSER_APP_PROFILE_STRING=Internet Explorer, LOGONSERVER=\\DESKTOP-CK7OHGM, JAVA_HOME=C:\apps\jdk1.8.0_171, PROMPT=$P$G, FSHARPINSTALLDIR=C:\Program Files (x86)\Microsoft SDKs\F#\4.1\Framework\v4.0\, PROGRAMFILES(X86)=C:\Program Files (x86), ERROR_CODE=0, EXEC_DIR=C:\apps\sts-workspace\newsletter, =C:=C:\apps\sts-workspace\newsletter, APPDATA=C:\Users\Szenti Bernadett\AppData\Roaming, PROGRAMW6432=C:\Program Files, SYSTEMROOT=C:\WINDOWS, MAVEN_CMD_LINE_ARGS=package, OS=Windows_NT, COMMONPROGRAMW6432=C:\Program Files\Common Files, COMPUTERNAME=DESKTOP-CK7OHGM, COMMONPROGRAMFILES=C:\Program Files\Common Files, COMSPEC=C:\WINDOWS\system32\cmd.exe, JAVACMD=C:\apps\jdk1.8.0_171\bin\java.exe, MAVEN_PROJECTBASEDIR=C:\apps\sts-workspace\newsletter, PROCESSOR_REVISION=8e09, CLASSWORLDS_LAUNCHER=org.codehaus.plexus.classworlds.launcher.Launcher, TEMP=C:\Users\SZENTI~1\AppData\Local\Temp, HOMEDRIVE=C:, USERPROFILE=C:\Users\Szenti Bernadett, TMP=C:\Users\SZENTI~1\AppData\Local\Temp, NUMBER_OF_PROCESSORS=4, JVMCONFIG=\.mvn\jvm.config}}]
21:37:57.307 [main] DEBUG org.springframework.core.io.support.PathMatchingResourcePatternResolver - Resolved classpath location [org/marketing/newsletter/controller/] to resources [URL [file:/C:/apps/sts-workspace/newsletter/target/test-classes/org/marketing/newsletter/controller/], URL [file:/C:/apps/sts-workspace/newsletter/target/classes/org/marketing/newsletter/controller/]]
21:37:57.308 [main] DEBUG org.springframework.core.io.support.PathMatchingResourcePatternResolver - Looking for matching resources in directory tree [C:\apps\sts-workspace\newsletter\target\test-classes\org\marketing\newsletter\controller]
21:37:57.308 [main] DEBUG org.springframework.core.io.support.PathMatchingResourcePatternResolver - Searching directory [C:\apps\sts-workspace\newsletter\target\test-classes\org\marketing\newsletter\controller] for files matching pattern [C:/apps/sts-workspace/newsletter/target/test-classes/org/marketing/newsletter/controller/*.class]
21:37:57.313 [main] DEBUG org.springframework.core.io.support.PathMatchingResourcePatternResolver - Looking for matching resources in directory tree [C:\apps\sts-workspace\newsletter\target\classes\org\marketing\newsletter\controller]
21:37:57.314 [main] DEBUG org.springframework.core.io.support.PathMatchingResourcePatternResolver - Searching directory [C:\apps\sts-workspace\newsletter\target\classes\org\marketing\newsletter\controller] for files matching pattern [C:/apps/sts-workspace/newsletter/target/classes/org/marketing/newsletter/controller/*.class]
21:37:57.315 [main] DEBUG org.springframework.core.io.support.PathMatchingResourcePatternResolver - Resolved location pattern [classpath*:org/marketing/newsletter/controller/*.class] to resources [file [C:\apps\sts-workspace\newsletter\target\test-classes\org\marketing\newsletter\controller\SubscriptionControllerTest.class], file [C:\apps\sts-workspace\newsletter\target\classes\org\marketing\newsletter\controller\ConfirmationController.class], file [C:\apps\sts-workspace\newsletter\target\classes\org\marketing\newsletter\controller\HelloWorldController.class], file [C:\apps\sts-workspace\newsletter\target\classes\org\marketing\newsletter\controller\SubscriptionController.class]]
21:37:57.404 [main] DEBUG org.springframework.core.io.support.PathMatchingResourcePatternResolver - Resolved classpath location [org/marketing/newsletter/] to resources [URL [file:/C:/apps/sts-workspace/newsletter/target/test-classes/org/marketing/newsletter/], URL [file:/C:/apps/sts-workspace/newsletter/target/classes/org/marketing/newsletter/]]
21:37:57.404 [main] DEBUG org.springframework.core.io.support.PathMatchingResourcePatternResolver - Looking for matching resources in directory tree [C:\apps\sts-workspace\newsletter\target\test-classes\org\marketing\newsletter]
21:37:57.404 [main] DEBUG org.springframework.core.io.support.PathMatchingResourcePatternResolver - Searching directory [C:\apps\sts-workspace\newsletter\target\test-classes\org\marketing\newsletter] for files matching pattern [C:/apps/sts-workspace/newsletter/target/test-classes/org/marketing/newsletter/*.class]
21:37:57.406 [main] DEBUG org.springframework.core.io.support.PathMatchingResourcePatternResolver - Looking for matching resources in directory tree [C:\apps\sts-workspace\newsletter\target\classes\org\marketing\newsletter]
21:37:57.407 [main] DEBUG org.springframework.core.io.support.PathMatchingResourcePatternResolver - Searching directory [C:\apps\sts-workspace\newsletter\target\classes\org\marketing\newsletter] for files matching pattern [C:/apps/sts-workspace/newsletter/target/classes/org/marketing/newsletter/*.class]
21:37:57.410 [main] DEBUG org.springframework.core.io.support.PathMatchingResourcePatternResolver - Resolved location pattern [classpath*:org/marketing/newsletter/*.class] to resources [file [C:\apps\sts-workspace\newsletter\target\test-classes\org\marketing\newsletter\NewsletterApplicationTests.class], file [C:\apps\sts-workspace\newsletter\target\test-classes\org\marketing\newsletter\SubscriptionValidationTests.class], file [C:\apps\sts-workspace\newsletter\target\classes\org\marketing\newsletter\HelloWorld.class], file [C:\apps\sts-workspace\newsletter\target\classes\org\marketing\newsletter\NewsletterApplication.class]]
21:37:57.461 [main] DEBUG org.springframework.context.annotation.ClassPathScanningCandidateComponentProvider - Identified candidate component class: file [C:\apps\sts-workspace\newsletter\target\classes\org\marketing\newsletter\NewsletterApplication.class]
21:37:57.464 [main] INFO org.springframework.boot.test.context.SpringBootTestContextBootstrapper - Found @SpringBootConfiguration org.marketing.newsletter.NewsletterApplication for test class org.marketing.newsletter.controller.SubscriptionControllerTest
21:37:57.467 [main] DEBUG org.springframework.boot.test.autoconfigure.web.servlet.WebMvcTestContextBootstrapper - @TestExecutionListeners is not present for class [org.marketing.newsletter.controller.SubscriptionControllerTest]: using defaults.
21:37:57.470 [main] INFO org.springframework.boot.test.autoconfigure.web.servlet.WebMvcTestContextBootstrapper - Loaded default TestExecutionListener class names from location [META-INF/spring.factories]: [org.springframework.boot.test.mock.mockito.MockitoTestExecutionListener, org.springframework.boot.test.mock.mockito.ResetMocksTestExecutionListener, org.springframework.boot.test.autoconfigure.restdocs.RestDocsTestExecutionListener, org.springframework.boot.test.autoconfigure.web.client.MockRestServiceServerResetTestExecutionListener, org.springframework.boot.test.autoconfigure.web.servlet.MockMvcPrintOnlyOnFailureTestExecutionListener, org.springframework.boot.test.autoconfigure.web.servlet.WebDriverTestExecutionListener, org.springframework.test.context.web.ServletTestExecutionListener, org.springframework.test.context.support.DirtiesContextBeforeModesTestExecutionListener, org.springframework.test.context.support.DependencyInjectionTestExecutionListener, org.springframework.test.context.support.DirtiesContextTestExecutionListener, org.springframework.test.context.transaction.TransactionalTestExecutionListener, org.springframework.test.context.jdbc.SqlScriptsTestExecutionListener]
21:37:57.496 [main] DEBUG org.springframework.boot.test.autoconfigure.web.servlet.WebMvcTestContextBootstrapper - Skipping candidate TestExecutionListener [org.springframework.test.context.transaction.TransactionalTestExecutionListener] due to a missing dependency. Specify custom listener classes or make the default listener classes and their required dependencies available. Offending class: [org/springframework/transaction/interceptor/TransactionAttributeSource]
21:37:57.497 [main] DEBUG org.springframework.boot.test.autoconfigure.web.servlet.WebMvcTestContextBootstrapper - Skipping candidate TestExecutionListener [org.springframework.test.context.jdbc.SqlScriptsTestExecutionListener] due to a missing dependency. Specify custom listener classes or make the default listener classes and their required dependencies available. Offending class: [org/springframework/transaction/interceptor/TransactionAttribute]
21:37:57.498 [main] INFO org.springframework.boot.test.autoconfigure.web.servlet.WebMvcTestContextBootstrapper - Using TestExecutionListeners: [org.springframework.test.context.web.ServletTestExecutionListener@3c419631, org.springframework.test.context.support.DirtiesContextBeforeModesTestExecutionListener@418e7838, org.springframework.boot.test.mock.mockito.MockitoTestExecutionListener@61230f6a, org.springframework.boot.test.autoconfigure.SpringBootDependencyInjectionTestExecutionListener@3c130745, org.springframework.test.context.support.DirtiesContextTestExecutionListener@cd3fee8, org.springframework.boot.test.mock.mockito.ResetMocksTestExecutionListener@3e2e18f2, org.springframework.boot.test.autoconfigure.restdocs.RestDocsTestExecutionListener@470f1802, org.springframework.boot.test.autoconfigure.web.client.MockRestServiceServerResetTestExecutionListener@63021689, org.springframework.boot.test.autoconfigure.web.servlet.MockMvcPrintOnlyOnFailureTestExecutionListener@703580bf, org.springframework.boot.test.autoconfigure.web.servlet.WebDriverTestExecutionListener@3e92efc3]
21:37:57.502 [main] DEBUG org.springframework.test.annotation.ProfileValueUtils - Retrieved @ProfileValueSourceConfiguration [null] for test class [org.marketing.newsletter.controller.SubscriptionControllerTest]
21:37:57.504 [main] DEBUG org.springframework.test.annotation.ProfileValueUtils - Retrieved ProfileValueSource type [class org.springframework.test.annotation.SystemProfileValueSource] for class [org.marketing.newsletter.controller.SubscriptionControllerTest]
21:37:57.507 [main] DEBUG org.springframework.test.annotation.ProfileValueUtils - Retrieved @ProfileValueSourceConfiguration [null] for test class [org.marketing.newsletter.controller.SubscriptionControllerTest]
21:37:57.507 [main] DEBUG org.springframework.test.annotation.ProfileValueUtils - Retrieved ProfileValueSource type [class org.springframework.test.annotation.SystemProfileValueSource] for class [org.marketing.newsletter.controller.SubscriptionControllerTest]
21:37:57.520 [main] DEBUG org.springframework.test.annotation.ProfileValueUtils - Retrieved @ProfileValueSourceConfiguration [null] for test class [org.marketing.newsletter.controller.SubscriptionControllerTest]
21:37:57.525 [main] DEBUG org.springframework.test.annotation.ProfileValueUtils - Retrieved ProfileValueSource type [class org.springframework.test.annotation.SystemProfileValueSource] for class [org.marketing.newsletter.controller.SubscriptionControllerTest]
21:37:57.561 [main] DEBUG org.springframework.test.context.support.AbstractDirtiesContextTestExecutionListener - Before test class: context [DefaultTestContext@635eaaf1 testClass = SubscriptionControllerTest, testInstance = [null], testMethod = [null], testException = [null], mergedContextConfiguration = [WebMergedContextConfiguration@5c30a9b0 testClass = SubscriptionControllerTest, locations = '{}', classes = '{class org.marketing.newsletter.NewsletterApplication}', contextInitializerClasses = '[]', activeProfiles = '{}', propertySourceLocations = '{}', propertySourceProperties = '{org.springframework.boot.test.autoconfigure.web.servlet.WebMvcTestContextBootstrapper=true}', contextCustomizers = set[[ImportsContextCustomizer@1ddf84b8 key = [org.springframework.boot.autoconfigure.cache.CacheAutoConfiguration, org.springframework.boot.autoconfigure.context.MessageSourceAutoConfiguration, org.springframework.boot.autoconfigure.freemarker.FreeMarkerAutoConfiguration, org.springframework.boot.autoconfigure.groovy.template.GroovyTemplateAutoConfiguration, org.springframework.boot.autoconfigure.gson.GsonAutoConfiguration, org.springframework.boot.autoconfigure.hateoas.HypermediaAutoConfiguration, org.springframework.boot.autoconfigure.http.HttpMessageConvertersAutoConfiguration, org.springframework.boot.autoconfigure.jackson.JacksonAutoConfiguration, org.springframework.boot.autoconfigure.jsonb.JsonbAutoConfiguration, org.springframework.boot.autoconfigure.mustache.MustacheAutoConfiguration, org.springframework.boot.autoconfigure.thymeleaf.ThymeleafAutoConfiguration, org.springframework.boot.autoconfigure.validation.ValidationAutoConfiguration, org.springframework.boot.autoconfigure.web.servlet.error.ErrorMvcAutoConfiguration, org.springframework.boot.autoconfigure.web.servlet.WebMvcAutoConfiguration, org.springframework.boot.test.autoconfigure.web.servlet.MockMvcAutoConfiguration, org.springframework.boot.test.autoconfigure.web.servlet.MockMvcSecurityAutoConfiguration, org.springframework.boot.test.autoconfigure.web.servlet.MockMvcWebClientAutoConfiguration, org.springframework.boot.test.autoconfigure.web.servlet.MockMvcWebDriverAutoConfiguration]], org.springframework.boot.test.context.filter.ExcludeFilterContextCustomizer@33cb5951, org.springframework.boot.test.json.DuplicateJsonObjectContextCustomizerFactory$DuplicateJsonObjectContextCustomizer@4148db48, org.springframework.boot.test.mock.mockito.MockitoContextCustomizer@0, org.springframework.boot.test.autoconfigure.OverrideAutoConfigurationContextCustomizerFactory$DisableAutoConfigurationContextCustomizer@314c508a, org.springframework.boot.test.autoconfigure.filter.TypeExcludeFiltersContextCustomizer@9d62b76c, org.springframework.boot.test.autoconfigure.properties.PropertyMappingContextCustomizer@f247f2b2, org.springframework.boot.test.autoconfigure.web.servlet.WebDriverContextCustomizerFactory$Customizer@4206a205], resourceBasePath = '', contextLoader = 'org.springframework.boot.test.context.SpringBootContextLoader', parent = [null]], attributes = map[[empty]]], class annotated with @DirtiesContext [false] with mode [null].
21:37:57.563 [main] DEBUG org.springframework.test.annotation.ProfileValueUtils - Retrieved @ProfileValueSourceConfiguration [null] for test class [org.marketing.newsletter.controller.SubscriptionControllerTest]
21:37:57.563 [main] DEBUG org.springframework.test.annotation.ProfileValueUtils - Retrieved ProfileValueSource type [class org.springframework.test.annotation.SystemProfileValueSource] for class [org.marketing.newsletter.controller.SubscriptionControllerTest]
21:37:57.582 [main] DEBUG org.springframework.test.context.support.DependencyInjectionTestExecutionListener - Performing dependency injection for test context [[DefaultTestContext@635eaaf1 testClass = SubscriptionControllerTest, testInstance = org.marketing.newsletter.controller.SubscriptionControllerTest@7ed7259e, testMethod = [null], testException = [null], mergedContextConfiguration = [WebMergedContextConfiguration@5c30a9b0 testClass = SubscriptionControllerTest, locations = '{}', classes = '{class org.marketing.newsletter.NewsletterApplication}', contextInitializerClasses = '[]', activeProfiles = '{}', propertySourceLocations = '{}', propertySourceProperties = '{org.springframework.boot.test.autoconfigure.web.servlet.WebMvcTestContextBootstrapper=true}', contextCustomizers = set[[ImportsContextCustomizer@1ddf84b8 key = [org.springframework.boot.autoconfigure.cache.CacheAutoConfiguration, org.springframework.boot.autoconfigure.context.MessageSourceAutoConfiguration, org.springframework.boot.autoconfigure.freemarker.FreeMarkerAutoConfiguration, org.springframework.boot.autoconfigure.groovy.template.GroovyTemplateAutoConfiguration, org.springframework.boot.autoconfigure.gson.GsonAutoConfiguration, org.springframework.boot.autoconfigure.hateoas.HypermediaAutoConfiguration, org.springframework.boot.autoconfigure.http.HttpMessageConvertersAutoConfiguration, org.springframework.boot.autoconfigure.jackson.JacksonAutoConfiguration, org.springframework.boot.autoconfigure.jsonb.JsonbAutoConfiguration, org.springframework.boot.autoconfigure.mustache.MustacheAutoConfiguration, org.springframework.boot.autoconfigure.thymeleaf.ThymeleafAutoConfiguration, org.springframework.boot.autoconfigure.validation.ValidationAutoConfiguration, org.springframework.boot.autoconfigure.web.servlet.error.ErrorMvcAutoConfiguration, org.springframework.boot.autoconfigure.web.servlet.WebMvcAutoConfiguration, org.springframework.boot.test.autoconfigure.web.servlet.MockMvcAutoConfiguration, org.springframework.boot.test.autoconfigure.web.servlet.MockMvcSecurityAutoConfiguration, org.springframework.boot.test.autoconfigure.web.servlet.MockMvcWebClientAutoConfiguration, org.springframework.boot.test.autoconfigure.web.servlet.MockMvcWebDriverAutoConfiguration]], org.springframework.boot.test.context.filter.ExcludeFilterContextCustomizer@33cb5951, org.springframework.boot.test.json.DuplicateJsonObjectContextCustomizerFactory$DuplicateJsonObjectContextCustomizer@4148db48, org.springframework.boot.test.mock.mockito.MockitoContextCustomizer@0, org.springframework.boot.test.autoconfigure.OverrideAutoConfigurationContextCustomizerFactory$DisableAutoConfigurationContextCustomizer@314c508a, org.springframework.boot.test.autoconfigure.filter.TypeExcludeFiltersContextCustomizer@9d62b76c, org.springframework.boot.test.autoconfigure.properties.PropertyMappingContextCustomizer@f247f2b2, org.springframework.boot.test.autoconfigure.web.servlet.WebDriverContextCustomizerFactory$Customizer@4206a205], resourceBasePath = '', contextLoader = 'org.springframework.boot.test.context.SpringBootContextLoader', parent = [null]], attributes = map[[empty]]]].
21:37:57.663 [main] DEBUG org.springframework.core.env.StandardEnvironment - Adding PropertySource 'systemProperties' with lowest search precedence
21:37:57.665 [main] DEBUG org.springframework.core.env.StandardEnvironment - Adding PropertySource 'systemEnvironment' with lowest search precedence
21:37:57.670 [main] DEBUG org.springframework.core.env.StandardEnvironment - Initialized StandardEnvironment with PropertySources [MapPropertySource@1199673596 {name='systemProperties', properties={java.runtime.name=Java(TM) SE Runtime Environment, sun.boot.library.path=C:\apps\jdk1.8.0_171\jre\bin, java.vm.version=25.171-b11, java.vm.vendor=Oracle Corporation, java.vendor.url=http://java.oracle.com/, path.separator=;, java.vm.name=Java HotSpot(TM) 64-Bit Server VM, file.encoding.pkg=sun.io, user.country=HU, user.script=, sun.java.launcher=SUN_STANDARD, sun.os.patch.level=, java.vm.specification.name=Java Virtual Machine Specification, user.dir=C:\apps\sts-workspace\newsletter, java.runtime.version=1.8.0_171-b11, basedir=C:\apps\sts-workspace\newsletter, java.awt.graphicsenv=sun.awt.Win32GraphicsEnvironment, java.endorsed.dirs=C:\apps\jdk1.8.0_171\jre\lib\endorsed, os.arch=amd64, surefire.real.class.path=C:\Users\SZENTI~1\AppData\Local\Temp\surefire6287553833371882555\surefirebooter127658704710453763.jar, java.io.tmpdir=C:\Users\SZENTI~1\AppData\Local\Temp\, line.separator=
, java.vm.specification.vendor=Oracle Corporation, user.variant=, os.name=Windows 10, sun.jnu.encoding=Cp1250, java.library.path=C:\apps\jdk1.8.0_171\jre\bin;C:\WINDOWS\Sun\Java\bin;C:\WINDOWS\system32;C:\WINDOWS;C:\Program Files (x86)\Common Files\Oracle\Java\javapath;C:\WINDOWS\system32;C:\WINDOWS;C:\WINDOWS\System32\Wbem;C:\WINDOWS\System32\WindowsPowerShell\v1.0\;C:\Program Files\Microsoft SQL Server\130\Tools\Binn\;C:\Program Files\dotnet\;C:\WINDOWS\System32\OpenSSH\;C:\apps\jdk1.8.0_171\bin;c:\apps\apache-maven-3.5.4\bin;C:\Users\Szenti Bernadett\AppData\Local\Microsoft\WindowsApps;;., surefire.test.class.path=C:\apps\sts-workspace\newsletter\target\test-classes;C:\apps\sts-workspace\newsletter\target\classes;C:\Users\Szenti Bernadett\.m2\repository\org\hibernate\validator\hibernate-validator\6.0.10.Final\hibernate-validator-6.0.10.Final.jar;C:\Users\Szenti Bernadett\.m2\repository\javax\validation\validation-api\2.0.1.Final\validation-api-2.0.1.Final.jar;C:\Users\Szenti Bernadett\.m2\repository\org\jboss\logging\jboss-logging\3.3.2.Final\jboss-logging-3.3.2.Final.jar;C:\Users\Szenti Bernadett\.m2\repository\com\fasterxml\classmate\1.3.4\classmate-1.3.4.jar;C:\Users\Szenti Bernadett\.m2\repository\org\springframework\boot\spring-boot-starter\2.0.3.RELEASE\spring-boot-starter-2.0.3.RELEASE.jar;C:\Users\Szenti Bernadett\.m2\repository\org\springframework\boot\spring-boot\2.0.3.RELEASE\spring-boot-2.0.3.RELEASE.jar;C:\Users\Szenti Bernadett\.m2\repository\org\springframework\spring-context\5.0.7.RELEASE\spring-context-5.0.7.RELEASE.jar;C:\Users\Szenti Bernadett\.m2\repository\org\springframework\boot\spring-boot-autoconfigure\2.0.3.RELEASE\spring-boot-autoconfigure-2.0.3.RELEASE.jar;C:\Users\Szenti Bernadett\.m2\repository\org\springframework\boot\spring-boot-starter-logging\2.0.3.RELEASE\spring-boot-starter-logging-2.0.3.RELEASE.jar;C:\Users\Szenti Bernadett\.m2\repository\ch\qos\logback\logback-classic\1.2.3\logback-classic-1.2.3.jar;C:\Users\Szenti Bernadett\.m2\repository\ch\qos\logback\logback-core\1.2.3\logback-core-1.2.3.jar;C:\Users\Szenti Bernadett\.m2\repository\org\apache\logging\log4j\log4j-to-slf4j\2.10.0\log4j-to-slf4j-2.10.0.jar;C:\Users\Szenti Bernadett\.m2\repository\org\apache\logging\log4j\log4j-api\2.10.0\log4j-api-2.10.0.jar;C:\Users\Szenti Bernadett\.m2\repository\org\slf4j\jul-to-slf4j\1.7.25\jul-to-slf4j-1.7.25.jar;C:\Users\Szenti Bernadett\.m2\repository\javax\annotation\javax.annotation-api\1.3.2\javax.annotation-api-1.3.2.jar;C:\Users\Szenti Bernadett\.m2\repository\org\springframework\spring-core\5.0.7.RELEASE\spring-core-5.0.7.RELEASE.jar;C:\Users\Szenti Bernadett\.m2\repository\org\springframework\spring-jcl\5.0.7.RELEASE\spring-jcl-5.0.7.RELEASE.jar;C:\Users\Szenti Bernadett\.m2\repository\org\yaml\snakeyaml\1.19\snakeyaml-1.19.jar;C:\Users\Szenti Bernadett\.m2\repository\org\springframework\boot\spring-boot-starter-test\2.0.3.RELEASE\spring-boot-starter-test-2.0.3.RELEASE.jar;C:\Users\Szenti Bernadett\.m2\repository\org\springframework\boot\spring-boot-test\2.0.3.RELEASE\spring-boot-test-2.0.3.RELEASE.jar;C:\Users\Szenti Bernadett\.m2\repository\org\springframework\boot\spring-boot-test-autoconfigure\2.0.3.RELEASE\spring-boot-test-autoconfigure-2.0.3.RELEASE.jar;C:\Users\Szenti Bernadett\.m2\repository\com\jayway\jsonpath\json-path\2.4.0\json-path-2.4.0.jar;C:\Users\Szenti Bernadett\.m2\repository\net\minidev\json-smart\2.3\json-smart-2.3.jar;C:\Users\Szenti Bernadett\.m2\repository\net\minidev\accessors-smart\1.2\accessors-smart-1.2.jar;C:\Users\Szenti Bernadett\.m2\repository\org\ow2\asm\asm\5.0.4\asm-5.0.4.jar;C:\Users\Szenti Bernadett\.m2\repository\org\slf4j\slf4j-api\1.7.25\slf4j-api-1.7.25.jar;C:\Users\Szenti Bernadett\.m2\repository\junit\junit\4.12\junit-4.12.jar;C:\Users\Szenti Bernadett\.m2\repository\org\assertj\assertj-core\3.9.1\assertj-core-3.9.1.jar;C:\Users\Szenti Bernadett\.m2\repository\org\mockito\mockito-core\2.15.0\mockito-core-2.15.0.jar;C:\Users\Szenti Bernadett\.m2\repository\net\bytebuddy\byte-buddy\1.7.11\byte-buddy-1.7.11.jar;C:\Users\Szenti Bernadett\.m2\repository\net\bytebuddy\byte-buddy-agent\1.7.11\byte-buddy-agent-1.7.11.jar;C:\Users\Szenti Bernadett\.m2\repository\org\objenesis\objenesis\2.6\objenesis-2.6.jar;C:\Users\Szenti Bernadett\.m2\repository\org\hamcrest\hamcrest-core\1.3\hamcrest-core-1.3.jar;C:\Users\Szenti Bernadett\.m2\repository\org\hamcrest\hamcrest-library\1.3\hamcrest-library-1.3.jar;C:\Users\Szenti Bernadett\.m2\repository\org\skyscreamer\jsonassert\1.5.0\jsonassert-1.5.0.jar;C:\Users\Szenti Bernadett\.m2\repository\com\vaadin\external\google\android-json\0.0.20131108.vaadin1\android-json-0.0.20131108.vaadin1.jar;C:\Users\Szenti Bernadett\.m2\repository\org\springframework\spring-test\5.0.7.RELEASE\spring-test-5.0.7.RELEASE.jar;C:\Users\Szenti Bernadett\.m2\repository\org\xmlunit\xmlunit-core\2.5.1\xmlunit-core-2.5.1.jar;C:\Users\Szenti Bernadett\.m2\repository\org\springframework\boot\spring-boot-starter-web\2.0.3.RELEASE\spring-boot-starter-web-2.0.3.RELEASE.jar;C:\Users\Szenti Bernadett\.m2\repository\org\springframework\boot\spring-boot-starter-json\2.0.3.RELEASE\spring-boot-starter-json-2.0.3.RELEASE.jar;C:\Users\Szenti Bernadett\.m2\repository\com\fasterxml\jackson\core\jackson-databind\2.9.6\jackson-databind-2.9.6.jar;C:\Users\Szenti Bernadett\.m2\repository\com\fasterxml\jackson\core\jackson-annotations\2.9.0\jackson-annotations-2.9.0.jar;C:\Users\Szenti Bernadett\.m2\repository\com\fasterxml\jackson\core\jackson-core\2.9.6\jackson-core-2.9.6.jar;C:\Users\Szenti Bernadett\.m2\repository\com\fasterxml\jackson\datatype\jackson-datatype-jdk8\2.9.6\jackson-datatype-jdk8-2.9.6.jar;C:\Users\Szenti Bernadett\.m2\repository\com\fasterxml\jackson\datatype\jackson-datatype-jsr310\2.9.6\jackson-datatype-jsr310-2.9.6.jar;C:\Users\Szenti Bernadett\.m2\repository\com\fasterxml\jackson\module\jackson-module-parameter-names\2.9.6\jackson-module-parameter-names-2.9.6.jar;C:\Users\Szenti Bernadett\.m2\repository\org\springframework\boot\spring-boot-starter-tomcat\2.0.3.RELEASE\spring-boot-starter-tomcat-2.0.3.RELEASE.jar;C:\Users\Szenti Bernadett\.m2\repository\org\apache\tomcat\embed\tomcat-embed-core\8.5.31\tomcat-embed-core-8.5.31.jar;C:\Users\Szenti Bernadett\.m2\repository\org\apache\tomcat\embed\tomcat-embed-el\8.5.31\tomcat-embed-el-8.5.31.jar;C:\Users\Szenti Bernadett\.m2\repository\org\apache\tomcat\embed\tomcat-embed-websocket\8.5.31\tomcat-embed-websocket-8.5.31.jar;C:\Users\Szenti Bernadett\.m2\repository\org\springframework\spring-web\5.0.7.RELEASE\spring-web-5.0.7.RELEASE.jar;C:\Users\Szenti Bernadett\.m2\repository\org\springframework\spring-beans\5.0.7.RELEASE\spring-beans-5.0.7.RELEASE.jar;C:\Users\Szenti Bernadett\.m2\repository\org\springframework\spring-webmvc\5.0.7.RELEASE\spring-webmvc-5.0.7.RELEASE.jar;C:\Users\Szenti Bernadett\.m2\repository\org\springframework\spring-aop\5.0.7.RELEASE\spring-aop-5.0.7.RELEASE.jar;C:\Users\Szenti Bernadett\.m2\repository\org\springframework\spring-expression\5.0.7.RELEASE\spring-expression-5.0.7.RELEASE.jar;C:\Users\Szenti Bernadett\.m2\repository\org\springframework\boot\spring-boot-starter-thymeleaf\2.0.3.RELEASE\spring-boot-starter-thymeleaf-2.0.3.RELEASE.jar;C:\Users\Szenti Bernadett\.m2\repository\org\thymeleaf\thymeleaf-spring5\3.0.9.RELEASE\thymeleaf-spring5-3.0.9.RELEASE.jar;C:\Users\Szenti Bernadett\.m2\repository\org\thymeleaf\thymeleaf\3.0.9.RELEASE\thymeleaf-3.0.9.RELEASE.jar;C:\Users\Szenti Bernadett\.m2\repository\org\attoparser\attoparser\2.0.4.RELEASE\attoparser-2.0.4.RELEASE.jar;C:\Users\Szenti Bernadett\.m2\repository\org\unbescape\unbescape\1.1.5.RELEASE\unbescape-1.1.5.RELEASE.jar;C:\Users\Szenti Bernadett\.m2\repository\org\thymeleaf\extras\thymeleaf-extras-java8time\3.0.1.RELEASE\thymeleaf-extras-java8time-3.0.1.RELEASE.jar;C:\Users\Szenti Bernadett\.m2\repository\org\springframework\boot\spring-boot-devtools\2.0.3.RELEASE\spring-boot-devtools-2.0.3.RELEASE.jar;, java.specification.name=Java Platform API Specification, java.class.version=52.0, sun.management.compiler=HotSpot 64-Bit Tiered Compilers, os.version=10.0, user.home=C:\Users\Szenti Bernadett, user.timezone=Europe/Prague, java.awt.printerjob=sun.awt.windows.WPrinterJob, file.encoding=Cp1250, java.specification.version=1.8, java.class.path=C:\apps\sts-workspace\newsletter\target\test-classes;C:\apps\sts-workspace\newsletter\target\classes;C:\Users\Szenti Bernadett\.m2\repository\org\hibernate\validator\hibernate-validator\6.0.10.Final\hibernate-validator-6.0.10.Final.jar;C:\Users\Szenti Bernadett\.m2\repository\javax\validation\validation-api\2.0.1.Final\validation-api-2.0.1.Final.jar;C:\Users\Szenti Bernadett\.m2\repository\org\jboss\logging\jboss-logging\3.3.2.Final\jboss-logging-3.3.2.Final.jar;C:\Users\Szenti Bernadett\.m2\repository\com\fasterxml\classmate\1.3.4\classmate-1.3.4.jar;C:\Users\Szenti Bernadett\.m2\repository\org\springframework\boot\spring-boot-starter\2.0.3.RELEASE\spring-boot-starter-2.0.3.RELEASE.jar;C:\Users\Szenti Bernadett\.m2\repository\org\springframework\boot\spring-boot\2.0.3.RELEASE\spring-boot-2.0.3.RELEASE.jar;C:\Users\Szenti Bernadett\.m2\repository\org\springframework\spring-context\5.0.7.RELEASE\spring-context-5.0.7.RELEASE.jar;C:\Users\Szenti Bernadett\.m2\repository\org\springframework\boot\spring-boot-autoconfigure\2.0.3.RELEASE\spring-boot-autoconfigure-2.0.3.RELEASE.jar;C:\Users\Szenti Bernadett\.m2\repository\org\springframework\boot\spring-boot-starter-logging\2.0.3.RELEASE\spring-boot-starter-logging-2.0.3.RELEASE.jar;C:\Users\Szenti Bernadett\.m2\repository\ch\qos\logback\logback-classic\1.2.3\logback-classic-1.2.3.jar;C:\Users\Szenti Bernadett\.m2\repository\ch\qos\logback\logback-core\1.2.3\logback-core-1.2.3.jar;C:\Users\Szenti Bernadett\.m2\repository\org\apache\logging\log4j\log4j-to-slf4j\2.10.0\log4j-to-slf4j-2.10.0.jar;C:\Users\Szenti Bernadett\.m2\repository\org\apache\logging\log4j\log4j-api\2.10.0\log4j-api-2.10.0.jar;C:\Users\Szenti Bernadett\.m2\repository\org\slf4j\jul-to-slf4j\1.7.25\jul-to-slf4j-1.7.25.jar;C:\Users\Szenti Bernadett\.m2\repository\javax\annotation\javax.annotation-api\1.3.2\javax.annotation-api-1.3.2.jar;C:\Users\Szenti Bernadett\.m2\repository\org\springframework\spring-core\5.0.7.RELEASE\spring-core-5.0.7.RELEASE.jar;C:\Users\Szenti Bernadett\.m2\repository\org\springframework\spring-jcl\5.0.7.RELEASE\spring-jcl-5.0.7.RELEASE.jar;C:\Users\Szenti Bernadett\.m2\repository\org\yaml\snakeyaml\1.19\snakeyaml-1.19.jar;C:\Users\Szenti Bernadett\.m2\repository\org\springframework\boot\spring-boot-starter-test\2.0.3.RELEASE\spring-boot-starter-test-2.0.3.RELEASE.jar;C:\Users\Szenti Bernadett\.m2\repository\org\springframework\boot\spring-boot-test\2.0.3.RELEASE\spring-boot-test-2.0.3.RELEASE.jar;C:\Users\Szenti Bernadett\.m2\repository\org\springframework\boot\spring-boot-test-autoconfigure\2.0.3.RELEASE\spring-boot-test-autoconfigure-2.0.3.RELEASE.jar;C:\Users\Szenti Bernadett\.m2\repository\com\jayway\jsonpath\json-path\2.4.0\json-path-2.4.0.jar;C:\Users\Szenti Bernadett\.m2\repository\net\minidev\json-smart\2.3\json-smart-2.3.jar;C:\Users\Szenti Bernadett\.m2\repository\net\minidev\accessors-smart\1.2\accessors-smart-1.2.jar;C:\Users\Szenti Bernadett\.m2\repository\org\ow2\asm\asm\5.0.4\asm-5.0.4.jar;C:\Users\Szenti Bernadett\.m2\repository\org\slf4j\slf4j-api\1.7.25\slf4j-api-1.7.25.jar;C:\Users\Szenti Bernadett\.m2\repository\junit\junit\4.12\junit-4.12.jar;C:\Users\Szenti Bernadett\.m2\repository\org\assertj\assertj-core\3.9.1\assertj-core-3.9.1.jar;C:\Users\Szenti Bernadett\.m2\repository\org\mockito\mockito-core\2.15.0\mockito-core-2.15.0.jar;C:\Users\Szenti Bernadett\.m2\repository\net\bytebuddy\byte-buddy\1.7.11\byte-buddy-1.7.11.jar;C:\Users\Szenti Bernadett\.m2\repository\net\bytebuddy\byte-buddy-agent\1.7.11\byte-buddy-agent-1.7.11.jar;C:\Users\Szenti Bernadett\.m2\repository\org\objenesis\objenesis\2.6\objenesis-2.6.jar;C:\Users\Szenti Bernadett\.m2\repository\org\hamcrest\hamcrest-core\1.3\hamcrest-core-1.3.jar;C:\Users\Szenti Bernadett\.m2\repository\org\hamcrest\hamcrest-library\1.3\hamcrest-library-1.3.jar;C:\Users\Szenti Bernadett\.m2\repository\org\skyscreamer\jsonassert\1.5.0\jsonassert-1.5.0.jar;C:\Users\Szenti Bernadett\.m2\repository\com\vaadin\external\google\android-json\0.0.20131108.vaadin1\android-json-0.0.20131108.vaadin1.jar;C:\Users\Szenti Bernadett\.m2\repository\org\springframework\spring-test\5.0.7.RELEASE\spring-test-5.0.7.RELEASE.jar;C:\Users\Szenti Bernadett\.m2\repository\org\xmlunit\xmlunit-core\2.5.1\xmlunit-core-2.5.1.jar;C:\Users\Szenti Bernadett\.m2\repository\org\springframework\boot\spring-boot-starter-web\2.0.3.RELEASE\spring-boot-starter-web-2.0.3.RELEASE.jar;C:\Users\Szenti Bernadett\.m2\repository\org\springframework\boot\spring-boot-starter-json\2.0.3.RELEASE\spring-boot-starter-json-2.0.3.RELEASE.jar;C:\Users\Szenti Bernadett\.m2\repository\com\fasterxml\jackson\core\jackson-databind\2.9.6\jackson-databind-2.9.6.jar;C:\Users\Szenti Bernadett\.m2\repository\com\fasterxml\jackson\core\jackson-annotations\2.9.0\jackson-annotations-2.9.0.jar;C:\Users\Szenti Bernadett\.m2\repository\com\fasterxml\jackson\core\jackson-core\2.9.6\jackson-core-2.9.6.jar;C:\Users\Szenti Bernadett\.m2\repository\com\fasterxml\jackson\datatype\jackson-datatype-jdk8\2.9.6\jackson-datatype-jdk8-2.9.6.jar;C:\Users\Szenti Bernadett\.m2\repository\com\fasterxml\jackson\datatype\jackson-datatype-jsr310\2.9.6\jackson-datatype-jsr310-2.9.6.jar;C:\Users\Szenti Bernadett\.m2\repository\com\fasterxml\jackson\module\jackson-module-parameter-names\2.9.6\jackson-module-parameter-names-2.9.6.jar;C:\Users\Szenti Bernadett\.m2\repository\org\springframework\boot\spring-boot-starter-tomcat\2.0.3.RELEASE\spring-boot-starter-tomcat-2.0.3.RELEASE.jar;C:\Users\Szenti Bernadett\.m2\repository\org\apache\tomcat\embed\tomcat-embed-core\8.5.31\tomcat-embed-core-8.5.31.jar;C:\Users\Szenti Bernadett\.m2\repository\org\apache\tomcat\embed\tomcat-embed-el\8.5.31\tomcat-embed-el-8.5.31.jar;C:\Users\Szenti Bernadett\.m2\repository\org\apache\tomcat\embed\tomcat-embed-websocket\8.5.31\tomcat-embed-websocket-8.5.31.jar;C:\Users\Szenti Bernadett\.m2\repository\org\springframework\spring-web\5.0.7.RELEASE\spring-web-5.0.7.RELEASE.jar;C:\Users\Szenti Bernadett\.m2\repository\org\springframework\spring-beans\5.0.7.RELEASE\spring-beans-5.0.7.RELEASE.jar;C:\Users\Szenti Bernadett\.m2\repository\org\springframework\spring-webmvc\5.0.7.RELEASE\spring-webmvc-5.0.7.RELEASE.jar;C:\Users\Szenti Bernadett\.m2\repository\org\springframework\spring-aop\5.0.7.RELEASE\spring-aop-5.0.7.RELEASE.jar;C:\Users\Szenti Bernadett\.m2\repository\org\springframework\spring-expression\5.0.7.RELEASE\spring-expression-5.0.7.RELEASE.jar;C:\Users\Szenti Bernadett\.m2\repository\org\springframework\boot\spring-boot-starter-thymeleaf\2.0.3.RELEASE\spring-boot-starter-thymeleaf-2.0.3.RELEASE.jar;C:\Users\Szenti Bernadett\.m2\repository\org\thymeleaf\thymeleaf-spring5\3.0.9.RELEASE\thymeleaf-spring5-3.0.9.RELEASE.jar;C:\Users\Szenti Bernadett\.m2\repository\org\thymeleaf\thymeleaf\3.0.9.RELEASE\thymeleaf-3.0.9.RELEASE.jar;C:\Users\Szenti Bernadett\.m2\repository\org\attoparser\attoparser\2.0.4.RELEASE\attoparser-2.0.4.RELEASE.jar;C:\Users\Szenti Bernadett\.m2\repository\org\unbescape\unbescape\1.1.5.RELEASE\unbescape-1.1.5.RELEASE.jar;C:\Users\Szenti Bernadett\.m2\repository\org\thymeleaf\extras\thymeleaf-extras-java8time\3.0.1.RELEASE\thymeleaf-extras-java8time-3.0.1.RELEASE.jar;C:\Users\Szenti Bernadett\.m2\repository\org\springframework\boot\spring-boot-devtools\2.0.3.RELEASE\spring-boot-devtools-2.0.3.RELEASE.jar;, user.name=Szenti Bernadett, java.vm.specification.version=1.8, sun.java.command=C:\Users\SZENTI~1\AppData\Local\Temp\surefire6287553833371882555\surefirebooter127658704710453763.jar C:\Users\Szenti Bernadett\AppData\Local\Temp\surefire6287553833371882555 2018-08-13T21-37-55_408-jvmRun1 surefire8123251787471288819tmp surefire_06096846596870951144tmp, java.home=C:\apps\jdk1.8.0_171\jre, sun.arch.data.model=64, user.language=hu, java.specification.vendor=Oracle Corporation, awt.toolkit=sun.awt.windows.WToolkit, java.vm.info=mixed mode, java.version=1.8.0_171, java.ext.dirs=C:\apps\jdk1.8.0_171\jre\lib\ext;C:\WINDOWS\Sun\Java\lib\ext, sun.boot.class.path=C:\apps\jdk1.8.0_171\jre\lib\resources.jar;C:\apps\jdk1.8.0_171\jre\lib\rt.jar;C:\apps\jdk1.8.0_171\jre\lib\sunrsasign.jar;C:\apps\jdk1.8.0_171\jre\lib\jsse.jar;C:\apps\jdk1.8.0_171\jre\lib\jce.jar;C:\apps\jdk1.8.0_171\jre\lib\charsets.jar;C:\apps\jdk1.8.0_171\jre\lib\jfr.jar;C:\apps\jdk1.8.0_171\jre\classes, java.vendor=Oracle Corporation, localRepository=C:\Users\Szenti Bernadett\.m2\repository, file.separator=\, java.vendor.url.bug=http://bugreport.sun.com/bugreport/, sun.io.unicode.encoding=UnicodeLittle, sun.cpu.endian=little, sun.desktop=windows, sun.cpu.isalist=amd64}}, SystemEnvironmentPropertySource@2044903525 {name='systemEnvironment', properties={PATH=C:\Program Files (x86)\Common Files\Oracle\Java\javapath;C:\WINDOWS\system32;C:\WINDOWS;C:\WINDOWS\System32\Wbem;C:\WINDOWS\System32\WindowsPowerShell\v1.0\;C:\Program Files\Microsoft SQL Server\130\Tools\Binn\;C:\Program Files\dotnet\;C:\WINDOWS\System32\OpenSSH\;C:\apps\jdk1.8.0_171\bin;c:\apps\apache-maven-3.5.4\bin;C:\Users\Szenti Bernadett\AppData\Local\Microsoft\WindowsApps;, USERDOMAIN_ROAMINGPROFILE=DESKTOP-CK7OHGM, PROCESSOR_LEVEL=6, SYSTEMDRIVE=C:, SESSIONNAME=Console, ALLUSERSPROFILE=C:\ProgramData, PROCESSOR_ARCHITECTURE=AMD64, DRIVERDATA=C:\Windows\System32\Drivers\DriverData, MAVEN_HOME=c:\apps\apache-maven-3.5.4\bin\.., PROGRAMFILES=C:\Program Files, PSMODULEPATH=C:\Program Files\WindowsPowerShell\Modules;C:\WINDOWS\system32\WindowsPowerShell\v1.0\Modules;C:\Program Files\WindowsPowerShell\Modules\;C:\Program Files (x86)\Microsoft SDKs\Azure\PowerShell\ResourceManager\AzureResourceManager\;C:\Program Files (x86)\Microsoft SDKs\Azure\PowerShell\ServiceManagement\;C:\Program Files (x86)\Microsoft SDKs\Azure\PowerShell\Storage\, PROGRAMDATA=C:\ProgramData, USERNAME=Szenti Bernadett, WDIR=C:\apps\sts-workspace\newsletter, FPS_BROWSER_USER_PROFILE_STRING=Default, ONEDRIVE=C:\Users\Szenti Bernadett\OneDrive, PATHEXT=.COM;.EXE;.BAT;.CMD;.VBS;.VBE;.JS;.JSE;.WSF;.WSH;.MSC, CLASSWORLDS_JAR="c:\apps\apache-maven-3.5.4\bin\..\boot\plexus-classworlds-2.5.2.jar", WINDIR=C:\WINDOWS, HOMEPATH=\Users\Szenti Bernadett, PROCESSOR_IDENTIFIER=Intel64 Family 6 Model 142 Stepping 9, GenuineIntel, PUBLIC=C:\Users\Public, =::=::\, LOCALAPPDATA=C:\Users\Szenti Bernadett\AppData\Local, COMMONPROGRAMFILES(X86)=C:\Program Files (x86)\Common Files, USERDOMAIN=DESKTOP-CK7OHGM, FPS_BROWSER_APP_PROFILE_STRING=Internet Explorer, LOGONSERVER=\\DESKTOP-CK7OHGM, JAVA_HOME=C:\apps\jdk1.8.0_171, PROMPT=$P$G, FSHARPINSTALLDIR=C:\Program Files (x86)\Microsoft SDKs\F#\4.1\Framework\v4.0\, PROGRAMFILES(X86)=C:\Program Files (x86), ERROR_CODE=0, EXEC_DIR=C:\apps\sts-workspace\newsletter, =C:=C:\apps\sts-workspace\newsletter, APPDATA=C:\Users\Szenti Bernadett\AppData\Roaming, PROGRAMW6432=C:\Program Files, SYSTEMROOT=C:\WINDOWS, MAVEN_CMD_LINE_ARGS=package, OS=Windows_NT, COMMONPROGRAMW6432=C:\Program Files\Common Files, COMPUTERNAME=DESKTOP-CK7OHGM, COMMONPROGRAMFILES=C:\Program Files\Common Files, COMSPEC=C:\WINDOWS\system32\cmd.exe, JAVACMD=C:\apps\jdk1.8.0_171\bin\java.exe, MAVEN_PROJECTBASEDIR=C:\apps\sts-workspace\newsletter, PROCESSOR_REVISION=8e09, CLASSWORLDS_LAUNCHER=org.codehaus.plexus.classworlds.launcher.Launcher, TEMP=C:\Users\SZENTI~1\AppData\Local\Temp, HOMEDRIVE=C:, USERPROFILE=C:\Users\Szenti Bernadett, TMP=C:\Users\SZENTI~1\AppData\Local\Temp, NUMBER_OF_PROCESSORS=4, JVMCONFIG=\.mvn\jvm.config}}]
21:37:58.144 [main] DEBUG org.springframework.test.context.support.TestPropertySourceUtils - Adding inlined properties to environment: {spring.jmx.enabled=false, org.springframework.boot.test.autoconfigure.web.servlet.WebMvcTestContextBootstrapper=true, server.port=-1}
21:37:58.145 [main] DEBUG org.springframework.core.env.StandardEnvironment - Adding PropertySource 'Inlined Test Properties' with highest search precedence

  .   ____          _            __ _ _
 /\\ / ___'_ __ _ _(_)_ __  __ _ \ \ \ \
( ( )\___ | '_ | '_| | '_ \/ _` | \ \ \ \
 \\/  ___)| |_)| | | | | || (_| |  ) ) ) )
  '  |____| .__|_| |_|_| |_\__, | / / / /
 =========|_|==============|___/=/_/_/_/
 :: Spring Boot ::        (v2.0.3.RELEASE)

2018-08-13 21:37:59.159  INFO 13088 --- [           main] o.m.n.c.SubscriptionControllerTest       : Starting SubscriptionControllerTest on DESKTOP-CK7OHGM with PID 13088 (started by Szenti Bernadett in C:\apps\sts-workspace\newsletter)
2018-08-13 21:37:59.163 DEBUG 13088 --- [           main] o.m.n.c.SubscriptionControllerTest       : Running with Spring Boot v2.0.3.RELEASE, Spring v5.0.7.RELEASE
2018-08-13 21:37:59.169  INFO 13088 --- [           main] o.m.n.c.SubscriptionControllerTest       : No active profile set, falling back to default profiles: default
2018-08-13 21:37:59.268  INFO 13088 --- [           main] o.s.w.c.s.GenericWebApplicationContext   : Refreshing org.springframework.web.context.support.GenericWebApplicationContext@c7045b9: startup date [Mon Aug 13 21:37:59 CEST 2018]; root of context hierarchy
2018-08-13 21:38:01.543  INFO 13088 --- [           main] o.s.w.s.handler.SimpleUrlHandlerMapping  : Mapped URL path [/**/favicon.ico] onto handler of type [class org.springframework.web.servlet.resource.ResourceHttpRequestHandler]
2018-08-13 21:38:02.166  INFO 13088 --- [           main] s.w.s.m.m.a.RequestMappingHandlerAdapter : Looking for @ControllerAdvice: org.springframework.web.context.support.GenericWebApplicationContext@c7045b9: startup date [Mon Aug 13 21:37:59 CEST 2018]; root of context hierarchy
2018-08-13 21:38:02.368  INFO 13088 --- [           main] s.w.s.m.m.a.RequestMappingHandlerMapping : Mapped "{[/ || /subscribe],methods=[GET]}" onto public java.lang.String org.marketing.newsletter.controller.SubscriptionController.getSubscriptionForm(org.marketing.newsletter.model.Subscription)
2018-08-13 21:38:02.383  INFO 13088 --- [           main] s.w.s.m.m.a.RequestMappingHandlerMapping : Mapped "{[/subscribe],methods=[POST]}" onto public java.lang.String org.marketing.newsletter.controller.SubscriptionController.submitSubscription(org.marketing.newsletter.model.Subscription,org.springframework.validation.BindingResult)
2018-08-13 21:38:02.406  INFO 13088 --- [           main] s.w.s.m.m.a.RequestMappingHandlerMapping : Mapped "{[/error]}" onto public org.springframework.http.ResponseEntity<java.util.Map<java.lang.String, java.lang.Object>> org.springframework.boot.autoconfigure.web.servlet.error.BasicErrorController.error(javax.servlet.http.HttpServletRequest)
2018-08-13 21:38:02.408  INFO 13088 --- [           main] s.w.s.m.m.a.RequestMappingHandlerMapping : Mapped "{[/error],produces=[text/html]}" onto public org.springframework.web.servlet.ModelAndView org.springframework.boot.autoconfigure.web.servlet.error.BasicErrorController.errorHtml(javax.servlet.http.HttpServletRequest,javax.servlet.http.HttpServletResponse)
2018-08-13 21:38:02.489  INFO 13088 --- [           main] o.s.w.s.handler.SimpleUrlHandlerMapping  : Mapped URL path [/webjars/**] onto handler of type [class org.springframework.web.servlet.resource.ResourceHttpRequestHandler]
2018-08-13 21:38:02.489  INFO 13088 --- [           main] o.s.w.s.handler.SimpleUrlHandlerMapping  : Mapped URL path [/**] onto handler of type [class org.springframework.web.servlet.resource.ResourceHttpRequestHandler]
2018-08-13 21:38:03.022  INFO 13088 --- [           main] o.s.b.t.m.w.SpringBootMockServletContext : Initializing Spring FrameworkServlet ''
2018-08-13 21:38:03.022  INFO 13088 --- [           main] o.s.t.web.servlet.TestDispatcherServlet  : FrameworkServlet '': initialization started
2018-08-13 21:38:03.066  INFO 13088 --- [           main] o.s.t.web.servlet.TestDispatcherServlet  : FrameworkServlet '': initialization completed in 44 ms
2018-08-13 21:38:03.160  INFO 13088 --- [           main] o.m.n.c.SubscriptionControllerTest       : Started SubscriptionControllerTest in 4.978 seconds (JVM running for 7.045)

MockHttpServletRequest:
      HTTP Method = GET
      Request URI = /subscribe
       Parameters = {}
          Headers = {Accept=[text/html], Accept-Language=[en]}
             Body = <no character encoding set>
    Session Attrs = {}

Handler:
             Type = org.marketing.newsletter.controller.SubscriptionController
           Method = public java.lang.String org.marketing.newsletter.controller.SubscriptionController.getSubscriptionForm(org.marketing.newsletter.model.Subscription)

Async:
    Async started = false
     Async result = null

Resolved Exception:
             Type = null

ModelAndView:
        View name = subscription-form
             View = null
        Attribute = subscriptionForm
            value = Subscription [fullName=null, emailAddress=null]
           errors = []

FlashMap:
       Attributes = null

MockHttpServletResponse:
           Status = 200
    Error message = null
          Headers = {Content-Language=[en], Content-Type=[text/html;charset=UTF-8]}
     Content type = text/html;charset=UTF-8
             Body = <!DOCTYPE html>
<html xmlns="http://www.w3.org/1999/xhtml">
<head>
	<meta charset="UTF-8" />
	<title>Newsletter Subscription</title>
	<link rel="stylesheet" type="text/css" href="/css/subscription.css"/>
</head>
<body>
	<form method="post" action="/subscribe">
		<h1>Sign up for our newsletter</h1>
		<h2>get instant updates on hot products and special deals</h2>
		
		<label >Your name:</label>
		<input type="text" name="fullName"/>
		
		<label >E-mail address:</label>
		<input type="email" id="emailAddress" name="emailAddress" value=""/>
		
		<button type="submit">Sign me up</button>
	
	</form>
</body>
</html> 
    Forwarded URL = null
   Redirected URL = null
          Cookies = []
2018-08-13 21:38:05.284 DEBUG 13088 --- [           main] o.m.n.controller.SubscriptionController  : user submitted this subscription: Subscription [fullName=null, emailAddress=emma@hollywood.com]

MockHttpServletRequest:
      HTTP Method = POST
      Request URI = /subscribe
       Parameters = {fullName=[Emma Stone], emailAddress=[emma@hollywood.com]}
          Headers = {Content-Type=[application/x-www-form-urlencoded], Accept=[text/html]}
             Body = <no character encoding set>
    Session Attrs = {}

Handler:
             Type = org.marketing.newsletter.controller.SubscriptionController
           Method = public java.lang.String org.marketing.newsletter.controller.SubscriptionController.submitSubscription(org.marketing.newsletter.model.Subscription,org.springframework.validation.BindingResult)

Async:
    Async started = false
     Async result = null

Resolved Exception:
             Type = null

ModelAndView:
        View name = subscription-form
             View = null
        Attribute = subscriptionForm
            value = Subscription [fullName=null, emailAddress=emma@hollywood.com]
           errors = [Field error in object 'subscriptionForm' on field 'fullName': rejected value [null]; codes [NotBlank.subscriptionForm.fullName,NotBlank.fullName,NotBlank]; arguments [org.springframework.context.support.DefaultMessageSourceResolvable: codes [subscriptionForm.fullName,fullName]; arguments []; default message [fullName]]; default message [must not be blank]]

FlashMap:
       Attributes = null

MockHttpServletResponse:
           Status = 200
    Error message = null
          Headers = {Content-Language=[en], Content-Type=[text/html;charset=UTF-8]}
     Content type = text/html;charset=UTF-8
             Body = <!DOCTYPE html>
<html xmlns="http://www.w3.org/1999/xhtml">
<head>
	<meta charset="UTF-8" />
	<title>Newsletter Subscription</title>
	<link rel="stylesheet" type="text/css" href="/css/subscription.css"/>
</head>
<body>
	<form method="post" action="/subscribe">
		<h1>Sign up for our newsletter</h1>
		<h2>get instant updates on hot products and special deals</h2>
		
		<label >Your name:</label>
		<input type="text" name="fullName"/>
		
		<label >E-mail address:</label>
		<input type="email" id="emailAddress" name="emailAddress" value="emma@hollywood.com"/>
		
		<button type="submit">Sign me up</button>
	
	</form>
</body>
</html> 
    Forwarded URL = null
   Redirected URL = null
          Cookies = []

MockHttpServletRequest:
      HTTP Method = GET
      Request URI = /subscribe
       Parameters = {}
          Headers = {Accept=[text/html], Accept-Language=[en]}
             Body = <no character encoding set>
    Session Attrs = {}

Handler:
             Type = org.marketing.newsletter.controller.SubscriptionController
           Method = public java.lang.String org.marketing.newsletter.controller.SubscriptionController.getSubscriptionForm(org.marketing.newsletter.model.Subscription)

Async:
    Async started = false
     Async result = null

Resolved Exception:
             Type = null

ModelAndView:
        View name = subscription-form
             View = null
        Attribute = subscriptionForm
            value = Subscription [fullName=null, emailAddress=null]
           errors = []

FlashMap:
       Attributes = null

MockHttpServletResponse:
           Status = 200
    Error message = null
          Headers = {Content-Language=[en], Content-Type=[text/html;charset=UTF-8]}
     Content type = text/html;charset=UTF-8
             Body = <!DOCTYPE html>
<html xmlns="http://www.w3.org/1999/xhtml">
<head>
	<meta charset="UTF-8" />
	<title>Newsletter Subscription</title>
	<link rel="stylesheet" type="text/css" href="/css/subscription.css"/>
</head>
<body>
	<form method="post" action="/subscribe">
		<h1>Sign up for our newsletter</h1>
		<h2>get instant updates on hot products and special deals</h2>
		
		<label >Your name:</label>
		<input type="text" name="fullName"/>
		
		<label >E-mail address:</label>
		<input type="email" id="emailAddress" name="emailAddress" value=""/>
		
		<button type="submit">Sign me up</button>
	
	</form>
</body>
</html> 
    Forwarded URL = null
   Redirected URL = null
          Cookies = []

MockHttpServletRequest:
      HTTP Method = POST
      Request URI = /subscribe
       Parameters = {fullName=[Emma Stone], emailAddress=[emma@hollywood.com]}
          Headers = {Content-Type=[application/x-www-form-urlencoded], Accept=[text/html]}
             Body = <no character encoding set>
    Session Attrs = {}

Handler:
             Type = org.marketing.newsletter.controller.SubscriptionController
           Method = public java.lang.String org.marketing.newsletter.controller.SubscriptionController.submitSubscription(org.marketing.newsletter.model.Subscription,org.springframework.validation.BindingResult)

Async:
    Async started = false
     Async result = null

Resolved Exception:
             Type = null

ModelAndView:
        View name = subscription-form
             View = null
        Attribute = subscriptionForm
            value = Subscription [fullName=null, emailAddress=emma@hollywood.com]
           errors = [Field error in object 'subscriptionForm' on field 'fullName': rejected value [null]; codes [NotBlank.subscriptionForm.fullName,NotBlank.fullName,NotBlank]; arguments [org.springframework.context.support.DefaultMessageSourceResolvable: codes [subscriptionForm.fullName,fullName]; arguments []; default message [fullName]]; default message [must not be blank]]

FlashMap:
       Attributes = null

MockHttpServletResponse:
           Status = 200
    Error message = null
          Headers = {Content-Language=[en], Content-Type=[text/html;charset=UTF-8]}
     Content type = text/html;charset=UTF-8
             Body = <!DOCTYPE html>
<html xmlns="http://www.w3.org/1999/xhtml">
<head>
	<meta charset="UTF-8" />
	<title>Newsletter Subscription</title>
	<link rel="stylesheet" type="text/css" href="/css/subscription.css"/>
</head>
<body>
	<form method="post" action="/subscribe">
		<h1>Sign up for our newsletter</h1>
		<h2>get instant updates on hot products and special deals</h2>
		
		<label >Your name:</label>
		<input type="text" name="fullName"/>
		
		<label >E-mail address:</label>
		<input type="email" id="emailAddress" name="emailAddress" value="emma@hollywood.com"/>
		
		<button type="submit">Sign me up</button>
	
	</form>
</body>
</html> 
    Forwarded URL = null
   Redirected URL = null
          Cookies = []
]]></system-out>
  </testcase>
  <testcase name="testSubscriptionFormIsEmptyWhenSubscriptionFormIsOpened" classname="org.marketing.newsletter.controller.SubscriptionControllerTest" time="0.487"/>
  <testcase name="testSubscriptionFormRefusesInputWithMissingFullName" classname="org.marketing.newsletter.controller.SubscriptionControllerTest" time="1.261">
    <failure message="Status expected:&lt;400&gt; but was:&lt;200&gt;" type="java.lang.AssertionError"><![CDATA[java.lang.AssertionError: Status expected:<400> but was:<200>
	at org.marketing.newsletter.controller.SubscriptionControllerTest.then_theRegistrationIsRefusedDueToBadRequest(SubscriptionControllerTest.java:103)
	at org.marketing.newsletter.controller.SubscriptionControllerTest.testSubscriptionFormRefusesInputWithMissingFullName(SubscriptionControllerTest.java:123)
]]></failure>
    <system-out><![CDATA[
MockHttpServletRequest:
      HTTP Method = GET
      Request URI = /subscribe
       Parameters = {}
          Headers = {Accept=[text/html], Accept-Language=[en]}
             Body = <no character encoding set>
    Session Attrs = {}

Handler:
             Type = org.marketing.newsletter.controller.SubscriptionController
           Method = public java.lang.String org.marketing.newsletter.controller.SubscriptionController.getSubscriptionForm(org.marketing.newsletter.model.Subscription)

Async:
    Async started = false
     Async result = null

Resolved Exception:
             Type = null

ModelAndView:
        View name = subscription-form
             View = null
        Attribute = subscriptionForm
            value = Subscription [fullName=null, emailAddress=null]
           errors = []

FlashMap:
       Attributes = null

MockHttpServletResponse:
           Status = 200
    Error message = null
          Headers = {Content-Language=[en], Content-Type=[text/html;charset=UTF-8]}
     Content type = text/html;charset=UTF-8
             Body = <!DOCTYPE html>
<html xmlns="http://www.w3.org/1999/xhtml">
<head>
	<meta charset="UTF-8" />
	<title>Newsletter Subscription</title>
	<link rel="stylesheet" type="text/css" href="/css/subscription.css"/>
</head>
<body>
	<form method="post" action="/subscribe">
		<h1>Sign up for our newsletter</h1>
		<h2>get instant updates on hot products and special deals</h2>
		
		<label >Your name:</label>
		<input type="text" name="fullName"/>
		
		<label >E-mail address:</label>
		<input type="email" id="emailAddress" name="emailAddress" value=""/>
		
		<button type="submit">Sign me up</button>
	
	</form>
</body>
</html> 
    Forwarded URL = null
   Redirected URL = null
          Cookies = []
2018-08-13 21:38:05.516 DEBUG 13088 --- [           main] o.m.n.controller.SubscriptionController  : user submitted this subscription: Subscription [fullName=null, emailAddress=emma@hollywood.com]

MockHttpServletRequest:
      HTTP Method = POST
      Request URI = /subscribe
       Parameters = {fullName=[], emailAddress=[emma@hollywood.com]}
          Headers = {Content-Type=[application/x-www-form-urlencoded], Accept=[text/html]}
             Body = <no character encoding set>
    Session Attrs = {}

Handler:
             Type = org.marketing.newsletter.controller.SubscriptionController
           Method = public java.lang.String org.marketing.newsletter.controller.SubscriptionController.submitSubscription(org.marketing.newsletter.model.Subscription,org.springframework.validation.BindingResult)

Async:
    Async started = false
     Async result = null

Resolved Exception:
             Type = null

ModelAndView:
        View name = subscription-form
             View = null
        Attribute = subscriptionForm
            value = Subscription [fullName=null, emailAddress=emma@hollywood.com]
           errors = [Field error in object 'subscriptionForm' on field 'fullName': rejected value [null]; codes [NotBlank.subscriptionForm.fullName,NotBlank.fullName,NotBlank]; arguments [org.springframework.context.support.DefaultMessageSourceResolvable: codes [subscriptionForm.fullName,fullName]; arguments []; default message [fullName]]; default message [must not be blank]]

FlashMap:
       Attributes = null

MockHttpServletResponse:
           Status = 200
    Error message = null
          Headers = {Content-Language=[en], Content-Type=[text/html;charset=UTF-8]}
     Content type = text/html;charset=UTF-8
             Body = <!DOCTYPE html>
<html xmlns="http://www.w3.org/1999/xhtml">
<head>
	<meta charset="UTF-8" />
	<title>Newsletter Subscription</title>
	<link rel="stylesheet" type="text/css" href="/css/subscription.css"/>
</head>
<body>
	<form method="post" action="/subscribe">
		<h1>Sign up for our newsletter</h1>
		<h2>get instant updates on hot products and special deals</h2>
		
		<label >Your name:</label>
		<input type="text" name="fullName"/>
		
		<label >E-mail address:</label>
		<input type="email" id="emailAddress" name="emailAddress" value="emma@hollywood.com"/>
		
		<button type="submit">Sign me up</button>
	
	</form>
</body>
</html> 
    Forwarded URL = null
   Redirected URL = null
          Cookies = []

MockHttpServletRequest:
      HTTP Method = GET
      Request URI = /subscribe
       Parameters = {}
          Headers = {Accept=[text/html], Accept-Language=[en]}
             Body = <no character encoding set>
    Session Attrs = {}

Handler:
             Type = org.marketing.newsletter.controller.SubscriptionController
           Method = public java.lang.String org.marketing.newsletter.controller.SubscriptionController.getSubscriptionForm(org.marketing.newsletter.model.Subscription)

Async:
    Async started = false
     Async result = null

Resolved Exception:
             Type = null

ModelAndView:
        View name = subscription-form
             View = null
        Attribute = subscriptionForm
            value = Subscription [fullName=null, emailAddress=null]
           errors = []

FlashMap:
       Attributes = null

MockHttpServletResponse:
           Status = 200
    Error message = null
          Headers = {Content-Language=[en], Content-Type=[text/html;charset=UTF-8]}
     Content type = text/html;charset=UTF-8
             Body = <!DOCTYPE html>
<html xmlns="http://www.w3.org/1999/xhtml">
<head>
	<meta charset="UTF-8" />
	<title>Newsletter Subscription</title>
	<link rel="stylesheet" type="text/css" href="/css/subscription.css"/>
</head>
<body>
	<form method="post" action="/subscribe">
		<h1>Sign up for our newsletter</h1>
		<h2>get instant updates on hot products and special deals</h2>
		
		<label >Your name:</label>
		<input type="text" name="fullName"/>
		
		<label >E-mail address:</label>
		<input type="email" id="emailAddress" name="emailAddress" value=""/>
		
		<button type="submit">Sign me up</button>
	
	</form>
</body>
</html> 
    Forwarded URL = null
   Redirected URL = null
          Cookies = []

MockHttpServletRequest:
      HTTP Method = POST
      Request URI = /subscribe
       Parameters = {fullName=[Emma Stone], emailAddress=[emma@hollywood.com]}
          Headers = {Content-Type=[application/x-www-form-urlencoded], Accept=[text/html]}
             Body = <no character encoding set>
    Session Attrs = {}

Handler:
             Type = org.marketing.newsletter.controller.SubscriptionController
           Method = public java.lang.String org.marketing.newsletter.controller.SubscriptionController.submitSubscription(org.marketing.newsletter.model.Subscription,org.springframework.validation.BindingResult)

Async:
    Async started = false
     Async result = null

Resolved Exception:
             Type = null

ModelAndView:
        View name = subscription-form
             View = null
        Attribute = subscriptionForm
            value = Subscription [fullName=null, emailAddress=emma@hollywood.com]
           errors = [Field error in object 'subscriptionForm' on field 'fullName': rejected value [null]; codes [NotBlank.subscriptionForm.fullName,NotBlank.fullName,NotBlank]; arguments [org.springframework.context.support.DefaultMessageSourceResolvable: codes [subscriptionForm.fullName,fullName]; arguments []; default message [fullName]]; default message [must not be blank]]

FlashMap:
       Attributes = null

MockHttpServletResponse:
           Status = 200
    Error message = null
          Headers = {Content-Language=[en], Content-Type=[text/html;charset=UTF-8]}
     Content type = text/html;charset=UTF-8
             Body = <!DOCTYPE html>
<html xmlns="http://www.w3.org/1999/xhtml">
<head>
	<meta charset="UTF-8" />
	<title>Newsletter Subscription</title>
	<link rel="stylesheet" type="text/css" href="/css/subscription.css"/>
</head>
<body>
	<form method="post" action="/subscribe">
		<h1>Sign up for our newsletter</h1>
		<h2>get instant updates on hot products and special deals</h2>
		
		<label >Your name:</label>
		<input type="text" name="fullName"/>
		
		<label >E-mail address:</label>
		<input type="email" id="emailAddress" name="emailAddress" value="emma@hollywood.com"/>
		
		<button type="submit">Sign me up</button>
	
	</form>
</body>
</html> 
    Forwarded URL = null
   Redirected URL = null
          Cookies = []

MockHttpServletRequest:
      HTTP Method = GET
      Request URI = /subscribe
       Parameters = {}
          Headers = {Accept=[text/html], Accept-Language=[en]}
             Body = <no character encoding set>
    Session Attrs = {}

Handler:
             Type = org.marketing.newsletter.controller.SubscriptionController
           Method = public java.lang.String org.marketing.newsletter.controller.SubscriptionController.getSubscriptionForm(org.marketing.newsletter.model.Subscription)

Async:
    Async started = false
     Async result = null

Resolved Exception:
             Type = null

ModelAndView:
        View name = subscription-form
             View = null
        Attribute = subscriptionForm
            value = Subscription [fullName=null, emailAddress=null]
           errors = []

FlashMap:
       Attributes = null

MockHttpServletResponse:
           Status = 200
    Error message = null
          Headers = {Content-Language=[en], Content-Type=[text/html;charset=UTF-8]}
     Content type = text/html;charset=UTF-8
             Body = <!DOCTYPE html>
<html xmlns="http://www.w3.org/1999/xhtml">
<head>
	<meta charset="UTF-8" />
	<title>Newsletter Subscription</title>
	<link rel="stylesheet" type="text/css" href="/css/subscription.css"/>
</head>
<body>
	<form method="post" action="/subscribe">
		<h1>Sign up for our newsletter</h1>
		<h2>get instant updates on hot products and special deals</h2>
		
		<label >Your name:</label>
		<input type="text" name="fullName"/>
		
		<label >E-mail address:</label>
		<input type="email" id="emailAddress" name="emailAddress" value=""/>
		
		<button type="submit">Sign me up</button>
	
	</form>
</body>
</html> 
    Forwarded URL = null
   Redirected URL = null
          Cookies = []

MockHttpServletRequest:
      HTTP Method = GET
      Request URI = /subscribe
       Parameters = {}
          Headers = {Accept=[text/html], Accept-Language=[en]}
             Body = <no character encoding set>
    Session Attrs = {}

Handler:
             Type = org.marketing.newsletter.controller.SubscriptionController
           Method = public java.lang.String org.marketing.newsletter.controller.SubscriptionController.getSubscriptionForm(org.marketing.newsletter.model.Subscription)

Async:
    Async started = false
     Async result = null

Resolved Exception:
             Type = null

ModelAndView:
        View name = subscription-form
             View = null
        Attribute = subscriptionForm
            value = Subscription [fullName=null, emailAddress=null]
           errors = []

FlashMap:
       Attributes = null

MockHttpServletResponse:
           Status = 200
    Error message = null
          Headers = {Content-Language=[en], Content-Type=[text/html;charset=UTF-8]}
     Content type = text/html;charset=UTF-8
             Body = <!DOCTYPE html>
<html xmlns="http://www.w3.org/1999/xhtml">
<head>
	<meta charset="UTF-8" />
	<title>Newsletter Subscription</title>
	<link rel="stylesheet" type="text/css" href="/css/subscription.css"/>
</head>
<body>
	<form method="post" action="/subscribe">
		<h1>Sign up for our newsletter</h1>
		<h2>get instant updates on hot products and special deals</h2>
		
		<label >Your name:</label>
		<input type="text" name="fullName"/>
		
		<label >E-mail address:</label>
		<input type="email" id="emailAddress" name="emailAddress" value=""/>
		
		<button type="submit">Sign me up</button>
	
	</form>
</body>
</html> 
    Forwarded URL = null
   Redirected URL = null
          Cookies = []

MockHttpServletRequest:
      HTTP Method = POST
      Request URI = /subscribe
       Parameters = {fullName=[], emailAddress=[emma@hollywood.com]}
          Headers = {Content-Type=[application/x-www-form-urlencoded], Accept=[text/html]}
             Body = <no character encoding set>
    Session Attrs = {}

Handler:
             Type = org.marketing.newsletter.controller.SubscriptionController
           Method = public java.lang.String org.marketing.newsletter.controller.SubscriptionController.submitSubscription(org.marketing.newsletter.model.Subscription,org.springframework.validation.BindingResult)

Async:
    Async started = false
     Async result = null

Resolved Exception:
             Type = null

ModelAndView:
        View name = subscription-form
             View = null
        Attribute = subscriptionForm
            value = Subscription [fullName=null, emailAddress=emma@hollywood.com]
           errors = [Field error in object 'subscriptionForm' on field 'fullName': rejected value [null]; codes [NotBlank.subscriptionForm.fullName,NotBlank.fullName,NotBlank]; arguments [org.springframework.context.support.DefaultMessageSourceResolvable: codes [subscriptionForm.fullName,fullName]; arguments []; default message [fullName]]; default message [must not be blank]]

FlashMap:
       Attributes = null

MockHttpServletResponse:
           Status = 200
    Error message = null
          Headers = {Content-Language=[en], Content-Type=[text/html;charset=UTF-8]}
     Content type = text/html;charset=UTF-8
             Body = <!DOCTYPE html>
<html xmlns="http://www.w3.org/1999/xhtml">
<head>
	<meta charset="UTF-8" />
	<title>Newsletter Subscription</title>
	<link rel="stylesheet" type="text/css" href="/css/subscription.css"/>
</head>
<body>
	<form method="post" action="/subscribe">
		<h1>Sign up for our newsletter</h1>
		<h2>get instant updates on hot products and special deals</h2>
		
		<label >Your name:</label>
		<input type="text" name="fullName"/>
		
		<label >E-mail address:</label>
		<input type="email" id="emailAddress" name="emailAddress" value="emma@hollywood.com"/>
		
		<button type="submit">Sign me up</button>
	
	</form>
</body>
</html> 
    Forwarded URL = null
   Redirected URL = null
          Cookies = []
]]></system-out>
  </testcase>
</testsuite>